/home/g/test/az_180423/az_180423.az 2023-04-18 20:32:54 3kb
/home/g/test/az_180423/az_180423.aaz 2023-04-18 20:32:54 3kb
/home/g/test/az_180423/az_180423.aaaz 2023-04-18 20:32:54 3kb
/home/g/test/az_180423/az_180423.aaaaz 2023-04-18 20:32:54 3kb
/home/g/test/az_180423/az_180423.aaaaaz 2023-04-18 20:32:54 3kb
/home/g/test/aaz_180423/az_180423.az 2023-04-18 20:32:54 3kb
/home/g/test/aaz_180423/az_180423.aaz 2023-04-18 20:32:54 3kb
/home/g/test/aaz_180423/az_180423.aaaz 2023-04-18 20:32:54 3kb
/home/g/test/aaz_180423/az_180423.aaaaz 2023-04-18 20:32:54 3kb
/home/g/test/aaz_180423/az_180423.aaaaaz 2023-04-18 20:32:54 3kb
/home/g/test/aaaz_180423/az_180423.az 2023-04-18 20:32:54 3kb
/home/g/test/aaaz_180423/az_180423.aaz 2023-04-18 20:32:54 3kb
/home/g/test/aaaz_180423/az_180423.aaaz 2023-04-18 20:32:54 3kb
/home/g/test/aaaz_180423/az_180423.aaaaz 2023-04-18 20:32:54 3kb
/home/g/test/aaaz_180423/az_180423.aaaaaz 2023-04-18 20:32:54 3kb
/home/g/test/aaaaz_180423/az_180423.az 2023-04-18 20:32:54 3kb
/home/g/test/aaaaz_180423/az_180423.aaz 2023-04-18 20:32:54 3kb
/home/g/test/aaaaz_180423/az_180423.aaaz 2023-04-18 20:32:54 3kb
/home/g/test/aaaaz_180423/az_180423.aaaaz 2023-04-18 20:32:54 3kb
/home/g/test/aaaaz_180423/az_180423.aaaaaz 2023-04-18 20:32:54 3kb
