/usr/share/perl/5.34.0/unicore/lib/Ea/aaaaz_180423/aaaaz_180423.az 2023-04-18 20:46:27 100Mb
/usr/share/perl/5.34.0/unicore/lib/Ea/aaaaz_180423/aaaaz_180423.aaz 2023-04-18 20:46:27 100Mb
/usr/share/perl/5.34.0/unicore/lib/Ea/aaaaz_180423/aaaaz_180423.aaaz 2023-04-18 20:46:27 100Mb
/usr/share/perl/5.34.0/unicore/lib/Ea/aaaaz_180423/aaaaz_180423.aaaaz 2023-04-18 20:46:27 100Mb
/usr/share/perl/5.34.0/unicore/lib/Ea/aaaaz_180423/aaaaz_180423.aaaaaz 2023-04-18 20:46:27 100Mb
/usr/share/perl/5.34.0/unicore/lib/Ea/aaaaz_180423/aaaaz_180423.aaaaaaz 2023-04-18 20:46:28 100Mb
/usr/share/perl/5.34.0/unicore/lib/Ea/aaaaz_180423/aaaaz_180423.aaaaaaaz 2023-04-18 20:46:28 100Mb
/usr/share/perl/5.34.0/unicore/lib/Ea/aaaaz_180423/aaaaz_180423.aaaaaaaaz 2023-04-18 20:46:28 100Mb
/usr/share/perl/5.34.0/unicore/lib/Ea/aaaaz_180423/aaaaz_180423.aaaaaaaaaz 2023-04-18 20:46:28 100Mb
/usr/share/perl/5.34.0/unicore/lib/Ea/aaaaz_180423/aaaaz_180423.aaaaaaaaaaz 2023-04-18 20:46:28 100Mb
/usr/share/perl/5.34.0/unicore/lib/Ea/aaaaz_180423/aaaaz_180423.aaaaaaaaaaaz 2023-04-18 20:46:28 100Mb
/usr/share/perl/5.34.0/unicore/lib/Ea/aaaaz_180423/aaaaz_180423.aaaaaaaaaaaaz 2023-04-18 20:46:28 100Mb
/usr/share/perl/5.34.0/unicore/lib/Ea/aaaaz_180423/aaaaz_180423.aaaaaaaaaaaaaz 2023-04-18 20:46:28 100Mb
/usr/share/perl/5.34.0/unicore/lib/Ea/aaaaz_180423/aaaaz_180423.aaaaaaaaaaaaaaz 2023-04-18 20:46:28 100Mb
/usr/share/perl/5.34.0/unicore/lib/Ea/aaaaz_180423/aaaaz_180423.aaaaaaaaaaaaaaaz 2023-04-18 20:46:28 100Mb
/usr/share/perl/5.34.0/unicore/lib/Ea/aaaaz_180423/aaaaz_180423.aaaaaaaaaaaaaaaaz 2023-04-18 20:46:28 100Mb
/usr/share/perl/5.34.0/unicore/lib/Ea/aaaaz_180423/aaaaz_180423.aaaaaaaaaaaaaaaaaz 2023-04-18 20:46:28 100Mb
/usr/share/perl/5.34.0/unicore/lib/Ea/aaaaz_180423/aaaaz_180423.aaaaaaaaaaaaaaaaaaz 2023-04-18 20:46:28 100Mb
/usr/share/perl/5.34.0/unicore/lib/Ea/aaaaz_180423/aaaaz_180423.aaaaaaaaaaaaaaaaaaaz 2023-04-18 20:46:28 100Mb
/usr/share/perl/5.34.0/unicore/lib/Ea/aaaaz_180423/aaaaz_180423.aaaaaaaaaaaaaaaaaaaaz 2023-04-18 20:46:28 100Mb
/usr/share/perl/5.34.0/unicore/lib/Ea/aaaaz_180423/aaaaz_180423.aaaaaaaaaaaaaaaaaaaaaz 2023-04-18 20:46:28 100Mb
/usr/share/perl/5.34.0/unicore/lib/Ea/aaaaz_180423/aaaaz_180423.aaaaaaaaaaaaaaaaaaaaaaz 2023-04-18 20:46:28 100Mb
/usr/share/perl/5.34.0/unicore/lib/Ea/aaaaz_180423/aaaaz_180423.aaaaaaaaaaaaaaaaaaaaaaaz 2023-04-18 20:46:28 100Mb
/usr/share/perl/5.34.0/unicore/lib/Ea/aaaaz_180423/aaaaz_180423.aaaaaaaaaaaaaaaaaaaaaaaaz 2023-04-18 20:46:28 100Mb
/usr/share/perl/5.34.0/unicore/lib/Ea/aaaaz_180423/aaaaz_180423.aaaaaaaaaaaaaaaaaaaaaaaaaz 2023-04-18 20:46:28 100Mb
/usr/share/perl/5.34.0/unicore/lib/Ea/aaaaz_180423/aaaaz_180423.aaaaaaaaaaaaaaaaaaaaaaaaaaz 2023-04-18 20:46:28 100Mb
/usr/share/perl/5.34.0/unicore/lib/Ea/aaaaz_180423/aaaaz_180423.aaaaaaaaaaaaaaaaaaaaaaaaaaaz 2023-04-18 20:46:28 100Mb
/usr/share/perl/5.34.0/unicore/lib/Ea/aaaaz_180423/aaaaz_180423.aaaaaaaaaaaaaaaaaaaaaaaaaaaaz 2023-04-18 20:46:28 100Mb
/usr/share/perl/5.34.0/unicore/lib/Ea/aaaaz_180423/aaaaz_180423.aaaaaaaaaaaaaaaaaaaaaaaaaaaaaz 2023-04-18 20:46:28 100Mb
/usr/share/perl/5.34.0/unicore/lib/Ea/aaaaz_180423/aaaaz_180423.aaaaaaaaaaaaaaaaaaaaaaaaaaaaaaz 2023-04-18 20:46:28 100Mb
/usr/share/perl/5.34.0/unicore/lib/Ea/aaaaz_180423/aaaaz_180423.aaaaaaaaaaaaaaaaaaaaaaaaaaaaaaaz 2023-04-18 20:46:28 100Mb
/usr/share/perl/5.34.0/unicore/lib/Ea/aaaaz_180423/aaaaz_180423.aaaaaaaaaaaaaaaaaaaaaaaaaaaaaaaaz 2023-04-18 20:46:28 100Mb
/usr/share/perl/5.34.0/unicore/lib/Ea/aaaaz_180423/aaaaz_180423.aaaaaaaaaaaaaaaaaaaaaaaaaaaaaaaaaz 2023-04-18 20:46:28 100Mb
/usr/share/perl/5.34.0/unicore/lib/Ea/aaaaz_180423/aaaaz_180423.aaaaaaaaaaaaaaaaaaaaaaaaaaaaaaaaaaz 2023-04-18 20:46:28 100Mb
/usr/share/perl/5.34.0/unicore/lib/Ea/aaaaz_180423/aaaaz_180423.aaaaaaaaaaaaaaaaaaaaaaaaaaaaaaaaaaaz 2023-04-18 20:46:28 100Mb
/usr/share/perl/5.34.0/unicore/lib/Ea/aaaaz_180423/aaaaz_180423.aaaaaaaaaaaaaaaaaaaaaaaaaaaaaaaaaaaaz 2023-04-18 20:46:28 100Mb
/usr/share/perl/5.34.0/unicore/lib/Ea/aaaaz_180423/aaaaz_180423.aaaaaaaaaaaaaaaaaaaaaaaaaaaaaaaaaaaaaz 2023-04-18 20:46:28 100Mb
/usr/share/perl/5.34.0/unicore/lib/Ea/aaaaz_180423/aaaaz_180423.aaaaaaaaaaaaaaaaaaaaaaaaaaaaaaaaaaaaaaz 2023-04-18 20:46:28 100Mb
/usr/share/perl/5.34.0/unicore/lib/Ea/aaaaz_180423/aaaaz_180423.aaaaaaaaaaaaaaaaaaaaaaaaaaaaaaaaaaaaaaaz 2023-04-18 20:46:28 100Mb
/usr/share/perl/5.34.0/unicore/lib/Ea/aaaaz_180423/aaaaz_180423.aaaaaaaaaaaaaaaaaaaaaaaaaaaaaaaaaaaaaaaaz 2023-04-18 20:46:28 100Mb
/usr/share/perl/5.34.0/unicore/lib/Ea/aaaaaz_180423/aaaaz_180423.az 2023-04-18 20:46:29 100Mb
/usr/share/perl/5.34.0/unicore/lib/Ea/aaaaaz_180423/aaaaz_180423.aaz 2023-04-18 20:46:29 100Mb
/usr/share/perl/5.34.0/unicore/lib/Ea/aaaaaz_180423/aaaaz_180423.aaaz 2023-04-18 20:46:29 100Mb
/usr/share/perl/5.34.0/unicore/lib/Ea/aaaaaz_180423/aaaaz_180423.aaaaz 2023-04-18 20:46:29 100Mb
/usr/share/perl/5.34.0/unicore/lib/Ea/aaaaaz_180423/aaaaz_180423.aaaaaz 2023-04-18 20:46:29 100Mb
/usr/share/perl/5.34.0/unicore/lib/Ea/aaaaaz_180423/aaaaz_180423.aaaaaaz 2023-04-18 20:46:29 100Mb
/usr/share/perl/5.34.0/unicore/lib/Ea/aaaaaz_180423/aaaaz_180423.aaaaaaaz 2023-04-18 20:46:29 100Mb
/usr/share/perl/5.34.0/unicore/lib/Ea/aaaaaz_180423/aaaaz_180423.aaaaaaaaz 2023-04-18 20:46:29 100Mb
/usr/share/perl/5.34.0/unicore/lib/Ea/aaaaaz_180423/aaaaz_180423.aaaaaaaaaz 2023-04-18 20:46:29 100Mb
/usr/share/perl/5.34.0/unicore/lib/Ea/aaaaaz_180423/aaaaz_180423.aaaaaaaaaaz 2023-04-18 20:46:29 100Mb
/usr/share/perl/5.34.0/unicore/lib/Ea/aaaaaz_180423/aaaaz_180423.aaaaaaaaaaaz 2023-04-18 20:46:29 100Mb
/usr/share/perl/5.34.0/unicore/lib/Ea/aaaaaz_180423/aaaaz_180423.aaaaaaaaaaaaz 2023-04-18 20:46:29 100Mb
/usr/share/perl/5.34.0/unicore/lib/Ea/aaaaaz_180423/aaaaz_180423.aaaaaaaaaaaaaz 2023-04-18 20:46:29 100Mb
/usr/share/perl/5.34.0/unicore/lib/Ea/aaaaaz_180423/aaaaz_180423.aaaaaaaaaaaaaaz 2023-04-18 20:46:29 100Mb
/usr/share/perl/5.34.0/unicore/lib/Ea/aaaaaz_180423/aaaaz_180423.aaaaaaaaaaaaaaaz 2023-04-18 20:46:29 100Mb
/usr/share/perl/5.34.0/unicore/lib/Ea/aaaaaz_180423/aaaaz_180423.aaaaaaaaaaaaaaaaz 2023-04-18 20:46:29 100Mb
/usr/share/perl/5.34.0/unicore/lib/Ea/aaaaaz_180423/aaaaz_180423.aaaaaaaaaaaaaaaaaz 2023-04-18 20:46:29 100Mb
/usr/share/perl/5.34.0/unicore/lib/Ea/aaaaaz_180423/aaaaz_180423.aaaaaaaaaaaaaaaaaaz 2023-04-18 20:46:29 100Mb
/usr/share/perl/5.34.0/unicore/lib/Ea/aaaaaz_180423/aaaaz_180423.aaaaaaaaaaaaaaaaaaaz 2023-04-18 20:46:29 100Mb
/usr/share/perl/5.34.0/unicore/lib/Ea/aaaaaz_180423/aaaaz_180423.aaaaaaaaaaaaaaaaaaaaz 2023-04-18 20:46:29 100Mb
/usr/share/perl/5.34.0/unicore/lib/Ea/aaaaaz_180423/aaaaz_180423.aaaaaaaaaaaaaaaaaaaaaz 2023-04-18 20:46:29 100Mb
/usr/share/perl/5.34.0/unicore/lib/Ea/aaaaaz_180423/aaaaz_180423.aaaaaaaaaaaaaaaaaaaaaaz 2023-04-18 20:46:29 100Mb
/usr/share/perl/5.34.0/unicore/lib/Ea/aaaaaz_180423/aaaaz_180423.aaaaaaaaaaaaaaaaaaaaaaaz 2023-04-18 20:46:29 100Mb
/usr/share/perl/5.34.0/unicore/lib/Ea/aaaaaz_180423/aaaaz_180423.aaaaaaaaaaaaaaaaaaaaaaaaz 2023-04-18 20:46:29 100Mb
/usr/share/perl/5.34.0/unicore/lib/Ea/aaaaaz_180423/aaaaz_180423.aaaaaaaaaaaaaaaaaaaaaaaaaz 2023-04-18 20:46:29 100Mb
/usr/share/perl/5.34.0/unicore/lib/Ea/aaaaaz_180423/aaaaz_180423.aaaaaaaaaaaaaaaaaaaaaaaaaaz 2023-04-18 20:46:29 100Mb
/usr/share/perl/5.34.0/unicore/lib/Ea/aaaaaz_180423/aaaaz_180423.aaaaaaaaaaaaaaaaaaaaaaaaaaaz 2023-04-18 20:46:29 100Mb
/usr/share/perl/5.34.0/unicore/lib/Ea/aaaaaz_180423/aaaaz_180423.aaaaaaaaaaaaaaaaaaaaaaaaaaaaz 2023-04-18 20:46:29 100Mb
/usr/share/perl/5.34.0/unicore/lib/Ea/aaaaaz_180423/aaaaz_180423.aaaaaaaaaaaaaaaaaaaaaaaaaaaaaz 2023-04-18 20:46:29 100Mb
/usr/share/perl/5.34.0/unicore/lib/Ea/aaaaaz_180423/aaaaz_180423.aaaaaaaaaaaaaaaaaaaaaaaaaaaaaaz 2023-04-18 20:46:29 100Mb
/usr/share/perl/5.34.0/unicore/lib/Ea/aaaaaz_180423/aaaaz_180423.aaaaaaaaaaaaaaaaaaaaaaaaaaaaaaaz 2023-04-18 20:46:29 100Mb
/usr/share/perl/5.34.0/unicore/lib/Ea/aaaaaz_180423/aaaaz_180423.aaaaaaaaaaaaaaaaaaaaaaaaaaaaaaaaz 2023-04-18 20:46:29 100Mb
/usr/share/perl/5.34.0/unicore/lib/Ea/aaaaaz_180423/aaaaz_180423.aaaaaaaaaaaaaaaaaaaaaaaaaaaaaaaaaz 2023-04-18 20:46:29 100Mb
/usr/share/perl/5.34.0/unicore/lib/Ea/aaaaaz_180423/aaaaz_180423.aaaaaaaaaaaaaaaaaaaaaaaaaaaaaaaaaaz 2023-04-18 20:46:29 100Mb
/usr/share/perl/5.34.0/unicore/lib/Ea/aaaaaz_180423/aaaaz_180423.aaaaaaaaaaaaaaaaaaaaaaaaaaaaaaaaaaaz 2023-04-18 20:46:29 100Mb
/usr/share/perl/5.34.0/unicore/lib/Ea/aaaaaz_180423/aaaaz_180423.aaaaaaaaaaaaaaaaaaaaaaaaaaaaaaaaaaaaz 2023-04-18 20:46:29 100Mb
/usr/share/perl/5.34.0/unicore/lib/Ea/aaaaaz_180423/aaaaz_180423.aaaaaaaaaaaaaaaaaaaaaaaaaaaaaaaaaaaaaz 2023-04-18 20:46:29 100Mb
/usr/share/perl/5.34.0/unicore/lib/Ea/aaaaaz_180423/aaaaz_180423.aaaaaaaaaaaaaaaaaaaaaaaaaaaaaaaaaaaaaaz 2023-04-18 20:46:29 100Mb
/usr/share/perl/5.34.0/unicore/lib/Ea/aaaaaz_180423/aaaaz_180423.aaaaaaaaaaaaaaaaaaaaaaaaaaaaaaaaaaaaaaaz 2023-04-18 20:46:30 100Mb
/usr/share/perl/5.34.0/unicore/lib/Ea/aaaaaz_180423/aaaaz_180423.aaaaaaaaaaaaaaaaaaaaaaaaaaaaaaaaaaaaaaaaz 2023-04-18 20:46:30 100Mb
/usr/share/perl/5.34.0/unicore/lib/Ea/aaaaaaz_180423/aaaaz_180423.az 2023-04-18 20:46:30 100Mb
/usr/share/perl/5.34.0/unicore/lib/Ea/aaaaaaz_180423/aaaaz_180423.aaz 2023-04-18 20:46:30 100Mb
/usr/share/perl/5.34.0/unicore/lib/Ea/aaaaaaz_180423/aaaaz_180423.aaaz 2023-04-18 20:46:30 100Mb
/usr/share/perl/5.34.0/unicore/lib/Ea/aaaaaaz_180423/aaaaz_180423.aaaaz 2023-04-18 20:46:30 100Mb
/usr/share/perl/5.34.0/unicore/lib/Ea/aaaaaaz_180423/aaaaz_180423.aaaaaz 2023-04-18 20:46:30 100Mb
/usr/share/perl/5.34.0/unicore/lib/Ea/aaaaaaz_180423/aaaaz_180423.aaaaaaz 2023-04-18 20:46:30 100Mb
/usr/share/perl/5.34.0/unicore/lib/Ea/aaaaaaz_180423/aaaaz_180423.aaaaaaaz 2023-04-18 20:46:30 100Mb
/usr/share/perl/5.34.0/unicore/lib/Ea/aaaaaaz_180423/aaaaz_180423.aaaaaaaaz 2023-04-18 20:46:30 100Mb
/usr/share/perl/5.34.0/unicore/lib/Ea/aaaaaaz_180423/aaaaz_180423.aaaaaaaaaz 2023-04-18 20:46:30 100Mb
/usr/share/perl/5.34.0/unicore/lib/Ea/aaaaaaz_180423/aaaaz_180423.aaaaaaaaaaz 2023-04-18 20:46:30 100Mb
/usr/share/perl/5.34.0/unicore/lib/Ea/aaaaaaz_180423/aaaaz_180423.aaaaaaaaaaaz 2023-04-18 20:46:30 100Mb
/usr/share/perl/5.34.0/unicore/lib/Ea/aaaaaaz_180423/aaaaz_180423.aaaaaaaaaaaaz 2023-04-18 20:46:30 100Mb
/usr/share/perl/5.34.0/unicore/lib/Ea/aaaaaaz_180423/aaaaz_180423.aaaaaaaaaaaaaz 2023-04-18 20:46:30 100Mb
/usr/share/perl/5.34.0/unicore/lib/Ea/aaaaaaz_180423/aaaaz_180423.aaaaaaaaaaaaaaz 2023-04-18 20:46:30 100Mb
/usr/share/perl/5.34.0/unicore/lib/Ea/aaaaaaz_180423/aaaaz_180423.aaaaaaaaaaaaaaaz 2023-04-18 20:46:30 100Mb
/usr/share/perl/5.34.0/unicore/lib/Ea/aaaaaaz_180423/aaaaz_180423.aaaaaaaaaaaaaaaaz 2023-04-18 20:46:30 100Mb
/usr/share/perl/5.34.0/unicore/lib/Ea/aaaaaaz_180423/aaaaz_180423.aaaaaaaaaaaaaaaaaz 2023-04-18 20:46:30 100Mb
/usr/share/perl/5.34.0/unicore/lib/Ea/aaaaaaz_180423/aaaaz_180423.aaaaaaaaaaaaaaaaaaz 2023-04-18 20:46:30 100Mb
/usr/share/perl/5.34.0/unicore/lib/Ea/aaaaaaz_180423/aaaaz_180423.aaaaaaaaaaaaaaaaaaaz 2023-04-18 20:46:30 100Mb
/usr/share/perl/5.34.0/unicore/lib/Ea/aaaaaaz_180423/aaaaz_180423.aaaaaaaaaaaaaaaaaaaaz 2023-04-18 20:46:30 100Mb
/usr/share/perl/5.34.0/unicore/lib/Ea/aaaaaaz_180423/aaaaz_180423.aaaaaaaaaaaaaaaaaaaaaz 2023-04-18 20:46:30 100Mb
/usr/share/perl/5.34.0/unicore/lib/Ea/aaaaaaz_180423/aaaaz_180423.aaaaaaaaaaaaaaaaaaaaaaz 2023-04-18 20:46:30 100Mb
/usr/share/perl/5.34.0/unicore/lib/Ea/aaaaaaz_180423/aaaaz_180423.aaaaaaaaaaaaaaaaaaaaaaaz 2023-04-18 20:46:30 100Mb
/usr/share/perl/5.34.0/unicore/lib/Ea/aaaaaaz_180423/aaaaz_180423.aaaaaaaaaaaaaaaaaaaaaaaaz 2023-04-18 20:46:30 100Mb
/usr/share/perl/5.34.0/unicore/lib/Ea/aaaaaaz_180423/aaaaz_180423.aaaaaaaaaaaaaaaaaaaaaaaaaz 2023-04-18 20:46:30 100Mb
/usr/share/perl/5.34.0/unicore/lib/Ea/aaaaaaz_180423/aaaaz_180423.aaaaaaaaaaaaaaaaaaaaaaaaaaz 2023-04-18 20:46:30 100Mb
/usr/share/perl/5.34.0/unicore/lib/Ea/aaaaaaz_180423/aaaaz_180423.aaaaaaaaaaaaaaaaaaaaaaaaaaaz 2023-04-18 20:46:30 100Mb
/usr/share/perl/5.34.0/unicore/lib/Ea/aaaaaaz_180423/aaaaz_180423.aaaaaaaaaaaaaaaaaaaaaaaaaaaaz 2023-04-18 20:46:30 100Mb
/usr/src/linux-headers-5.15.0-69/arch/um/include/shared/aaaaz_180423/aaaaz_180423.az 2023-04-18 20:48:06 100Mb
/usr/src/linux-headers-5.15.0-69/arch/um/include/shared/aaaaz_180423/aaaaz_180423.aaz 2023-04-18 20:48:06 100Mb
/usr/src/linux-headers-5.15.0-69/arch/um/include/shared/aaaaz_180423/aaaaz_180423.aaaz 2023-04-18 20:48:06 100Mb
/usr/src/linux-headers-5.15.0-69/arch/um/include/shared/aaaaz_180423/aaaaz_180423.aaaaz 2023-04-18 20:48:06 100Mb
/usr/src/linux-headers-5.15.0-69/arch/um/include/shared/aaaaz_180423/aaaaz_180423.aaaaaz 2023-04-18 20:48:06 100Mb
/usr/src/linux-headers-5.15.0-69/arch/um/include/shared/aaaaz_180423/aaaaz_180423.aaaaaaz 2023-04-18 20:48:06 100Mb
/usr/src/linux-headers-5.15.0-69/arch/um/include/shared/aaaaz_180423/aaaaz_180423.aaaaaaaz 2023-04-18 20:48:06 100Mb
/usr/src/linux-headers-5.15.0-69/arch/um/include/shared/aaaaz_180423/aaaaz_180423.aaaaaaaaz 2023-04-18 20:48:06 100Mb
/usr/src/linux-headers-5.15.0-69/arch/um/include/shared/aaaaz_180423/aaaaz_180423.aaaaaaaaaz 2023-04-18 20:48:06 100Mb
/usr/src/linux-headers-5.15.0-69/arch/um/include/shared/aaaaz_180423/aaaaz_180423.aaaaaaaaaaz 2023-04-18 20:48:06 100Mb
/usr/src/linux-headers-5.15.0-69/arch/um/include/shared/aaaaz_180423/aaaaz_180423.aaaaaaaaaaaz 2023-04-18 20:48:07 100Mb
/usr/src/linux-headers-5.15.0-69/arch/um/include/shared/aaaaz_180423/aaaaz_180423.aaaaaaaaaaaaz 2023-04-18 20:48:07 100Mb
/usr/src/linux-headers-5.15.0-69/arch/um/include/shared/aaaaz_180423/aaaaz_180423.aaaaaaaaaaaaaz 2023-04-18 20:48:07 100Mb
/usr/src/linux-headers-5.15.0-69/arch/um/include/shared/aaaaz_180423/aaaaz_180423.aaaaaaaaaaaaaaz 2023-04-18 20:48:07 100Mb
/usr/src/linux-headers-5.15.0-69/arch/um/include/shared/aaaaz_180423/aaaaz_180423.aaaaaaaaaaaaaaaz 2023-04-18 20:48:07 100Mb
/usr/src/linux-headers-5.15.0-69/arch/um/include/shared/aaaaz_180423/aaaaz_180423.aaaaaaaaaaaaaaaaz 2023-04-18 20:48:07 100Mb
/usr/src/linux-headers-5.15.0-69/arch/um/include/shared/aaaaz_180423/aaaaz_180423.aaaaaaaaaaaaaaaaaz 2023-04-18 20:48:07 100Mb
/usr/src/linux-headers-5.15.0-69/arch/um/include/shared/aaaaz_180423/aaaaz_180423.aaaaaaaaaaaaaaaaaaz 2023-04-18 20:48:07 100Mb
/usr/src/linux-headers-5.15.0-69/arch/um/include/shared/aaaaz_180423/aaaaz_180423.aaaaaaaaaaaaaaaaaaaz 2023-04-18 20:48:07 100Mb
/usr/src/linux-headers-5.15.0-69/arch/um/include/shared/aaaaz_180423/aaaaz_180423.aaaaaaaaaaaaaaaaaaaaz 2023-04-18 20:48:07 100Mb
/usr/src/linux-headers-5.15.0-69/arch/um/include/shared/aaaaz_180423/aaaaz_180423.aaaaaaaaaaaaaaaaaaaaaz 2023-04-18 20:48:07 100Mb
/usr/src/linux-headers-5.15.0-69/arch/um/include/shared/aaaaz_180423/aaaaz_180423.aaaaaaaaaaaaaaaaaaaaaaz 2023-04-18 20:48:07 100Mb
/usr/src/linux-headers-5.15.0-69/arch/um/include/shared/aaaaz_180423/aaaaz_180423.aaaaaaaaaaaaaaaaaaaaaaaz 2023-04-18 20:48:07 100Mb
/usr/src/linux-headers-5.15.0-69/arch/um/include/shared/aaaaz_180423/aaaaz_180423.aaaaaaaaaaaaaaaaaaaaaaaaz 2023-04-18 20:48:07 100Mb
/usr/src/linux-headers-5.15.0-69/arch/um/include/shared/aaaaz_180423/aaaaz_180423.aaaaaaaaaaaaaaaaaaaaaaaaaz 2023-04-18 20:48:07 100Mb
/usr/src/linux-headers-5.15.0-69/arch/um/include/shared/aaaaz_180423/aaaaz_180423.aaaaaaaaaaaaaaaaaaaaaaaaaaz 2023-04-18 20:48:07 100Mb
/usr/src/linux-headers-5.15.0-69/arch/um/include/shared/aaaaz_180423/aaaaz_180423.aaaaaaaaaaaaaaaaaaaaaaaaaaaz 2023-04-18 20:48:07 100Mb
/usr/src/linux-headers-5.15.0-69/arch/um/include/shared/aaaaz_180423/aaaaz_180423.aaaaaaaaaaaaaaaaaaaaaaaaaaaaz 2023-04-18 20:48:07 100Mb
/usr/src/linux-headers-5.15.0-69/arch/um/include/shared/aaaaz_180423/aaaaz_180423.aaaaaaaaaaaaaaaaaaaaaaaaaaaaaz 2023-04-18 20:48:07 100Mb
/usr/src/linux-headers-5.15.0-69/arch/um/include/shared/aaaaz_180423/aaaaz_180423.aaaaaaaaaaaaaaaaaaaaaaaaaaaaaaz 2023-04-18 20:48:07 100Mb
/usr/src/linux-headers-5.15.0-69/arch/um/include/shared/aaaaz_180423/aaaaz_180423.aaaaaaaaaaaaaaaaaaaaaaaaaaaaaaaz 2023-04-18 20:48:07 100Mb
/usr/src/linux-headers-5.15.0-69/arch/um/include/shared/aaaaz_180423/aaaaz_180423.aaaaaaaaaaaaaaaaaaaaaaaaaaaaaaaaz 2023-04-18 20:48:07 100Mb
/usr/src/linux-headers-5.15.0-69/arch/um/include/shared/aaaaz_180423/aaaaz_180423.aaaaaaaaaaaaaaaaaaaaaaaaaaaaaaaaaz 2023-04-18 20:48:07 100Mb
/usr/src/linux-headers-5.15.0-69/arch/um/include/shared/aaaaz_180423/aaaaz_180423.aaaaaaaaaaaaaaaaaaaaaaaaaaaaaaaaaaz 2023-04-18 20:48:07 100Mb
/usr/src/linux-headers-5.15.0-69/arch/um/include/shared/aaaaz_180423/aaaaz_180423.aaaaaaaaaaaaaaaaaaaaaaaaaaaaaaaaaaaz 2023-04-18 20:48:07 100Mb
/usr/src/linux-headers-5.15.0-69/arch/um/include/shared/aaaaz_180423/aaaaz_180423.aaaaaaaaaaaaaaaaaaaaaaaaaaaaaaaaaaaaz 2023-04-18 20:48:07 100Mb
/usr/src/linux-headers-5.15.0-69/arch/um/include/shared/aaaaz_180423/aaaaz_180423.aaaaaaaaaaaaaaaaaaaaaaaaaaaaaaaaaaaaaz 2023-04-18 20:48:07 100Mb
/usr/src/linux-headers-5.15.0-69/arch/um/include/shared/aaaaz_180423/aaaaz_180423.aaaaaaaaaaaaaaaaaaaaaaaaaaaaaaaaaaaaaaz 2023-04-18 20:48:07 100Mb
/usr/src/linux-headers-5.15.0-69/arch/um/include/shared/aaaaz_180423/aaaaz_180423.aaaaaaaaaaaaaaaaaaaaaaaaaaaaaaaaaaaaaaaz 2023-04-18 20:48:07 100Mb
/usr/src/linux-headers-5.15.0-69/arch/um/include/shared/aaaaz_180423/aaaaz_180423.aaaaaaaaaaaaaaaaaaaaaaaaaaaaaaaaaaaaaaaaz 2023-04-18 20:48:07 100Mb
/usr/src/linux-headers-5.15.0-69/arch/um/include/shared/aaaaz_180423/aaaaz_180423.aaaaaaaaaaaaaaaaaaaaaaaaaaaaaaaaaaaaaaaaaz 2023-04-18 20:48:08 100Mb
/usr/src/linux-headers-5.15.0-69/arch/um/include/shared/aaaaz_180423/aaaaz_180423.aaaaaaaaaaaaaaaaaaaaaaaaaaaaaaaaaaaaaaaaaaz 2023-04-18 20:48:08 100Mb
/usr/src/linux-headers-5.15.0-69/arch/um/include/shared/aaaaz_180423/aaaaz_180423.aaaaaaaaaaaaaaaaaaaaaaaaaaaaaaaaaaaaaaaaaaaz 2023-04-18 20:48:08 100Mb
/usr/src/linux-headers-5.15.0-69/arch/um/include/shared/aaaaz_180423/aaaaz_180423.aaaaaaaaaaaaaaaaaaaaaaaaaaaaaaaaaaaaaaaaaaaaz 2023-04-18 20:48:08 100Mb
/usr/src/linux-headers-5.15.0-69/arch/um/include/shared/aaaaz_180423/aaaaz_180423.aaaaaaaaaaaaaaaaaaaaaaaaaaaaaaaaaaaaaaaaaaaaaz 2023-04-18 20:48:08 100Mb
/usr/src/linux-headers-5.15.0-69/arch/um/include/shared/aaaaz_180423/aaaaz_180423.aaaaaaaaaaaaaaaaaaaaaaaaaaaaaaaaaaaaaaaaaaaaaaz 2023-04-18 20:48:08 100Mb
/usr/src/linux-headers-5.15.0-69/arch/um/include/shared/aaaaz_180423/aaaaz_180423.aaaaaaaaaaaaaaaaaaaaaaaaaaaaaaaaaaaaaaaaaaaaaaaz 2023-04-18 20:48:08 100Mb
/usr/src/linux-headers-5.15.0-69/arch/um/include/shared/aaaaz_180423/aaaaz_180423.aaaaaaaaaaaaaaaaaaaaaaaaaaaaaaaaaaaaaaaaaaaaaaaaz 2023-04-18 20:48:08 100Mb
/usr/src/linux-headers-5.15.0-69/arch/um/include/shared/aaaaz_180423/aaaaz_180423.aaaaaaaaaaaaaaaaaaaaaaaaaaaaaaaaaaaaaaaaaaaaaaaaaz 2023-04-18 20:48:08 100Mb
/usr/src/linux-headers-5.15.0-69/arch/um/include/shared/aaaaz_180423/aaaaz_180423.aaaaaaaaaaaaaaaaaaaaaaaaaaaaaaaaaaaaaaaaaaaaaaaaaaz 2023-04-18 20:48:08 100Mb
/usr/src/linux-headers-5.15.0-69/arch/um/include/shared/aaaaz_180423/aaaaz_180423.aaaaaaaaaaaaaaaaaaaaaaaaaaaaaaaaaaaaaaaaaaaaaaaaaaaz 2023-04-18 20:48:08 100Mb
/usr/src/linux-headers-5.15.0-69/arch/um/include/shared/aaaaz_180423/aaaaz_180423.aaaaaaaaaaaaaaaaaaaaaaaaaaaaaaaaaaaaaaaaaaaaaaaaaaaaz 2023-04-18 20:48:08 100Mb
/usr/src/linux-headers-5.15.0-69/arch/um/include/shared/aaaaz_180423/aaaaz_180423.aaaaaaaaaaaaaaaaaaaaaaaaaaaaaaaaaaaaaaaaaaaaaaaaaaaaaz 2023-04-18 20:48:08 100Mb
/usr/src/linux-headers-5.15.0-69/arch/um/include/shared/aaaaz_180423/aaaaz_180423.aaaaaaaaaaaaaaaaaaaaaaaaaaaaaaaaaaaaaaaaaaaaaaaaaaaaaaz 2023-04-18 20:48:08 100Mb
/usr/src/linux-headers-5.15.0-69/arch/um/include/shared/aaaaz_180423/aaaaz_180423.aaaaaaaaaaaaaaaaaaaaaaaaaaaaaaaaaaaaaaaaaaaaaaaaaaaaaaaz 2023-04-18 20:48:08 100Mb
/usr/src/linux-headers-5.15.0-69/arch/um/include/shared/aaaaz_180423/aaaaz_180423.aaaaaaaaaaaaaaaaaaaaaaaaaaaaaaaaaaaaaaaaaaaaaaaaaaaaaaaaz 2023-04-18 20:48:08 100Mb
/usr/src/linux-headers-5.15.0-69/arch/um/include/shared/aaaaaz_180423/aaaaz_180423.az 2023-04-18 20:48:08 100Mb
/usr/src/linux-headers-5.15.0-69/arch/um/include/shared/aaaaaz_180423/aaaaz_180423.aaz 2023-04-18 20:48:08 100Mb
/usr/src/linux-headers-5.15.0-69/arch/um/include/shared/aaaaaz_180423/aaaaz_180423.aaaz 2023-04-18 20:48:08 100Mb
/usr/src/linux-headers-5.15.0-69/arch/um/include/shared/aaaaaz_180423/aaaaz_180423.aaaaz 2023-04-18 20:48:08 100Mb
/usr/src/linux-headers-5.15.0-69/arch/um/include/shared/aaaaaz_180423/aaaaz_180423.aaaaaz 2023-04-18 20:48:08 100Mb
/usr/src/linux-headers-5.15.0-69/arch/um/include/shared/aaaaaz_180423/aaaaz_180423.aaaaaaz 2023-04-18 20:48:08 100Mb
/usr/src/linux-headers-5.15.0-69/arch/um/include/shared/aaaaaz_180423/aaaaz_180423.aaaaaaaz 2023-04-18 20:48:08 100Mb
/usr/src/linux-headers-5.15.0-69/arch/um/include/shared/aaaaaz_180423/aaaaz_180423.aaaaaaaaz 2023-04-18 20:48:08 100Mb
/usr/src/linux-headers-5.15.0-69/arch/um/include/shared/aaaaaz_180423/aaaaz_180423.aaaaaaaaaz 2023-04-18 20:48:08 100Mb
/usr/src/linux-headers-5.15.0-69/arch/um/include/shared/aaaaaz_180423/aaaaz_180423.aaaaaaaaaaz 2023-04-18 20:48:08 100Mb
/usr/src/linux-headers-5.15.0-69/arch/um/include/shared/aaaaaz_180423/aaaaz_180423.aaaaaaaaaaaz 2023-04-18 20:48:08 100Mb
/usr/src/linux-headers-5.15.0-69/arch/um/include/shared/aaaaaz_180423/aaaaz_180423.aaaaaaaaaaaaz 2023-04-18 20:48:08 100Mb
/usr/src/linux-headers-5.15.0-69/arch/um/include/shared/aaaaaz_180423/aaaaz_180423.aaaaaaaaaaaaaz 2023-04-18 20:48:08 100Mb
/usr/src/linux-headers-5.15.0-69/arch/um/include/shared/aaaaaz_180423/aaaaz_180423.aaaaaaaaaaaaaaz 2023-04-18 20:48:08 100Mb
/usr/src/linux-headers-5.15.0-69/arch/um/include/shared/aaaaaz_180423/aaaaz_180423.aaaaaaaaaaaaaaaz 2023-04-18 20:48:08 100Mb
/usr/src/linux-headers-5.15.0-69/arch/um/include/shared/aaaaaz_180423/aaaaz_180423.aaaaaaaaaaaaaaaaz 2023-04-18 20:48:08 100Mb
/usr/src/linux-headers-5.15.0-69/arch/um/include/shared/aaaaaz_180423/aaaaz_180423.aaaaaaaaaaaaaaaaaz 2023-04-18 20:48:08 100Mb
/usr/src/linux-headers-5.15.0-69/arch/um/include/shared/aaaaaz_180423/aaaaz_180423.aaaaaaaaaaaaaaaaaaz 2023-04-18 20:48:08 100Mb
/usr/src/linux-headers-5.15.0-69/arch/um/include/shared/aaaaaz_180423/aaaaz_180423.aaaaaaaaaaaaaaaaaaaz 2023-04-18 20:48:09 100Mb
/usr/src/linux-headers-5.15.0-69/arch/um/include/shared/aaaaaz_180423/aaaaz_180423.aaaaaaaaaaaaaaaaaaaaz 2023-04-18 20:48:09 100Mb
/usr/src/linux-headers-5.15.0-69/arch/um/include/shared/aaaaaz_180423/aaaaz_180423.aaaaaaaaaaaaaaaaaaaaaz 2023-04-18 20:48:09 100Mb
/usr/src/linux-headers-5.15.0-69/arch/um/include/shared/aaaaaz_180423/aaaaz_180423.aaaaaaaaaaaaaaaaaaaaaaz 2023-04-18 20:48:09 100Mb
/usr/src/linux-headers-5.15.0-69/arch/um/include/shared/aaaaaz_180423/aaaaz_180423.aaaaaaaaaaaaaaaaaaaaaaaz 2023-04-18 20:48:09 100Mb
/usr/src/linux-headers-5.15.0-69/arch/um/include/shared/aaaaaz_180423/aaaaz_180423.aaaaaaaaaaaaaaaaaaaaaaaaz 2023-04-18 20:48:09 100Mb
/usr/src/linux-headers-5.15.0-69/arch/um/include/shared/aaaaaz_180423/aaaaz_180423.aaaaaaaaaaaaaaaaaaaaaaaaaz 2023-04-18 20:48:09 100Mb
/usr/src/linux-headers-5.15.0-69/arch/um/include/shared/aaaaaz_180423/aaaaz_180423.aaaaaaaaaaaaaaaaaaaaaaaaaaz 2023-04-18 20:48:09 100Mb
/usr/src/linux-headers-5.15.0-69/arch/um/include/shared/aaaaaz_180423/aaaaz_180423.aaaaaaaaaaaaaaaaaaaaaaaaaaaz 2023-04-18 20:48:09 100Mb
/usr/src/linux-headers-5.15.0-69/arch/um/include/shared/aaaaaz_180423/aaaaz_180423.aaaaaaaaaaaaaaaaaaaaaaaaaaaaz 2023-04-18 20:48:09 100Mb
/usr/src/linux-headers-5.15.0-69/arch/um/include/shared/aaaaaz_180423/aaaaz_180423.aaaaaaaaaaaaaaaaaaaaaaaaaaaaaz 2023-04-18 20:48:09 100Mb
/usr/src/linux-headers-5.15.0-69/arch/um/include/shared/aaaaaz_180423/aaaaz_180423.aaaaaaaaaaaaaaaaaaaaaaaaaaaaaaz 2023-04-18 20:48:09 100Mb
/usr/src/linux-headers-5.15.0-69/arch/um/include/shared/aaaaaz_180423/aaaaz_180423.aaaaaaaaaaaaaaaaaaaaaaaaaaaaaaaz 2023-04-18 20:48:09 100Mb
/usr/src/linux-headers-5.15.0-69/arch/um/include/shared/aaaaaz_180423/aaaaz_180423.aaaaaaaaaaaaaaaaaaaaaaaaaaaaaaaaz 2023-04-18 20:48:09 100Mb
/usr/src/linux-headers-5.15.0-69/arch/um/include/shared/aaaaaz_180423/aaaaz_180423.aaaaaaaaaaaaaaaaaaaaaaaaaaaaaaaaaz 2023-04-18 20:48:09 100Mb
/usr/src/linux-headers-5.15.0-69/arch/um/include/shared/aaaaaz_180423/aaaaz_180423.aaaaaaaaaaaaaaaaaaaaaaaaaaaaaaaaaaz 2023-04-18 20:48:09 100Mb
/usr/src/linux-headers-5.15.0-69/arch/um/include/shared/aaaaaz_180423/aaaaz_180423.aaaaaaaaaaaaaaaaaaaaaaaaaaaaaaaaaaaz 2023-04-18 20:48:09 100Mb
/usr/src/linux-headers-5.15.0-69/arch/um/include/shared/aaaaaz_180423/aaaaz_180423.aaaaaaaaaaaaaaaaaaaaaaaaaaaaaaaaaaaaz 2023-04-18 20:48:09 100Mb
/usr/src/linux-headers-5.15.0-69/arch/um/include/shared/aaaaaz_180423/aaaaz_180423.aaaaaaaaaaaaaaaaaaaaaaaaaaaaaaaaaaaaaz 2023-04-18 20:48:09 100Mb
/usr/src/linux-headers-5.15.0-69/arch/um/include/shared/aaaaaz_180423/aaaaz_180423.aaaaaaaaaaaaaaaaaaaaaaaaaaaaaaaaaaaaaaz 2023-04-18 20:48:09 100Mb
/usr/src/linux-headers-5.15.0-69/arch/um/include/shared/aaaaaz_180423/aaaaz_180423.aaaaaaaaaaaaaaaaaaaaaaaaaaaaaaaaaaaaaaaz 2023-04-18 20:48:09 100Mb
/usr/src/linux-headers-5.15.0-69/arch/um/include/shared/aaaaaz_180423/aaaaz_180423.aaaaaaaaaaaaaaaaaaaaaaaaaaaaaaaaaaaaaaaaz 2023-04-18 20:48:09 100Mb
/usr/src/linux-headers-5.15.0-69/arch/um/include/shared/aaaaaz_180423/aaaaz_180423.aaaaaaaaaaaaaaaaaaaaaaaaaaaaaaaaaaaaaaaaaz 2023-04-18 20:48:09 100Mb
/usr/src/linux-headers-5.15.0-69/arch/um/include/shared/aaaaaz_180423/aaaaz_180423.aaaaaaaaaaaaaaaaaaaaaaaaaaaaaaaaaaaaaaaaaaz 2023-04-18 20:48:09 100Mb
/usr/src/linux-headers-5.15.0-69/arch/um/include/shared/aaaaaz_180423/aaaaz_180423.aaaaaaaaaaaaaaaaaaaaaaaaaaaaaaaaaaaaaaaaaaaz 2023-04-18 20:48:09 100Mb
/usr/src/linux-headers-5.15.0-69/arch/um/include/shared/aaaaaz_180423/aaaaz_180423.aaaaaaaaaaaaaaaaaaaaaaaaaaaaaaaaaaaaaaaaaaaaz 2023-04-18 20:48:09 100Mb
/usr/src/linux-headers-5.15.0-69/arch/um/include/shared/aaaaaz_180423/aaaaz_180423.aaaaaaaaaaaaaaaaaaaaaaaaaaaaaaaaaaaaaaaaaaaaaz 2023-04-18 20:48:09 100Mb
/usr/src/linux-headers-5.15.0-69/arch/um/include/shared/aaaaaz_180423/aaaaz_180423.aaaaaaaaaaaaaaaaaaaaaaaaaaaaaaaaaaaaaaaaaaaaaaz 2023-04-18 20:48:09 100Mb
/usr/src/linux-headers-5.15.0-69/arch/um/include/shared/aaaaaz_180423/aaaaz_180423.aaaaaaaaaaaaaaaaaaaaaaaaaaaaaaaaaaaaaaaaaaaaaaaz 2023-04-18 20:48:09 100Mb
/usr/src/linux-headers-5.15.0-69/arch/um/include/shared/aaaaaz_180423/aaaaz_180423.aaaaaaaaaaaaaaaaaaaaaaaaaaaaaaaaaaaaaaaaaaaaaaaaz 2023-04-18 20:48:09 100Mb
/usr/src/linux-headers-5.15.0-69/arch/um/include/shared/aaaaaz_180423/aaaaz_180423.aaaaaaaaaaaaaaaaaaaaaaaaaaaaaaaaaaaaaaaaaaaaaaaaaz 2023-04-18 20:48:09 100Mb
/usr/src/linux-headers-5.15.0-69/arch/um/include/shared/aaaaaz_180423/aaaaz_180423.aaaaaaaaaaaaaaaaaaaaaaaaaaaaaaaaaaaaaaaaaaaaaaaaaaz 2023-04-18 20:48:09 100Mb
/usr/src/linux-headers-5.15.0-69/arch/um/include/shared/aaaaaz_180423/aaaaz_180423.aaaaaaaaaaaaaaaaaaaaaaaaaaaaaaaaaaaaaaaaaaaaaaaaaaaz 2023-04-18 20:48:09 100Mb
/usr/src/linux-headers-5.15.0-69/arch/um/include/shared/aaaaaz_180423/aaaaz_180423.aaaaaaaaaaaaaaaaaaaaaaaaaaaaaaaaaaaaaaaaaaaaaaaaaaaaz 2023-04-18 20:48:10 100Mb
