/usr/share/man/sv/aaaaaaaaaaaaaazqweq_150423
/usr/share/man/sv/aaaaaaaaaaaaaaazqweq_150423
/usr/share/man/sv/aaaazqweq_150423
/usr/share/man/sv/aaaaaazqweq_150423
/usr/share/man/sv/aaaaaaaaaaaaaaaazqweq_150423
/usr/share/man/sv/aaaaaaaaaaaaaaaaazqweq_150423
/usr/share/man/sv/aaaaaaaaaaaaazqweq_150423
/usr/share/man/sv/aaaaaaaaaaaazqweq_150423
/usr/share/man/sv/aaaaaaaaazqweq_150423
/usr/share/man/sv/aaaaaaazqweq_150423
/usr/share/man/sv/aaazqweq_150423
/usr/share/man/sv/azqweq_150423
/usr/share/man/sv/aaaaaaaaaazqweq_150423
/usr/share/man/sv/aaaaaaaazqweq_150423
/usr/share/man/sv/aazqweq_150423
/usr/share/man/sv/aaaaazqweq_150423
/usr/share/man/sv/aaaaaaaaaaazqweq_150423
/usr/lib/os-probes/mounted/aaazqweq_150423
/usr/lib/os-probes/mounted/azqweq_150423
/usr/lib/os-probes/mounted/aazqweq_150423
/usr/share/grafana/public/app/features/explore/TraceView/components/model/aaaaaaaaaaaaaazqweq_180423
/usr/share/grafana/public/app/features/explore/TraceView/components/model/aaaaaaaaaaaaaaaaazqweq_180423
/usr/share/grafana/public/app/features/explore/TraceView/components/model/aaaaaazqweq_180423
/usr/share/grafana/public/app/features/explore/TraceView/components/model/aaaaaaaaaaaaaaaaaaaaaaaaaaaaaaaaaaaaazqweq_180423
/usr/share/grafana/public/app/features/explore/TraceView/components/model/aaaaaaaaaaaaaaaaaaaaaaaaaaaaaaaaaazqweq_180423
/usr/share/grafana/public/app/features/explore/TraceView/components/model/aaaaaaaaaaaaaaaaaazqweq_180423
/usr/share/grafana/public/app/features/explore/TraceView/components/model/aaaaaaazqweq_180423
/usr/share/grafana/public/app/features/explore/TraceView/components/model/aaaaaaaaaaaaaaaaaaaaaaaaaaaaaaaaaaaazqweq_180423
/usr/share/grafana/public/app/features/explore/TraceView/components/model/aaaaaaaaaaaaaaaaaaaaazqweq_180423
/usr/share/grafana/public/app/features/explore/TraceView/components/model/aazqweq_180423
/usr/share/grafana/public/app/features/explore/TraceView/components/model/aaaaaaaaaaaaaaaaaaaaaaaaaaaaazqweq_180423
/usr/share/grafana/public/app/features/explore/TraceView/components/model/aaaaaaaaaaaaaaaaaaaaaaaaaaazqweq_180423
/usr/share/grafana/public/app/features/explore/TraceView/components/model/aaaaaaaazqweq_180423
/usr/share/grafana/public/app/features/explore/TraceView/components/model/aaaaaaaaaaaaaaaaaaaaaaaaaaaaaaazqweq_180423
/usr/share/grafana/public/app/features/explore/TraceView/components/model/aaaaaaaaaaaaaaaaaaaaaaaaaazqweq_180423
/usr/share/grafana/public/app/features/explore/TraceView/components/model/aaaaaaaaaaaaaaaaaaazqweq_180423
/usr/share/grafana/public/app/features/explore/TraceView/components/model/aaaaaaaaaaaaaaaaaaaaaaaaaaaaaazqweq_180423
/usr/share/grafana/public/app/features/explore/TraceView/components/model/aaaaaaaaaaaaaaazqweq_180423
/usr/share/grafana/public/app/features/explore/TraceView/components/model/aaazqweq_180423
/usr/share/grafana/public/app/features/explore/TraceView/components/model/aaaaaaaaaaaaaaaaaaaaaaaaaaaaaaaazqweq_180423
/usr/share/grafana/public/app/features/explore/TraceView/components/model/aaaaaaaaaaaaaaaaaaaaaazqweq_180423
/usr/share/grafana/public/app/features/explore/TraceView/components/model/aaaaaaaaaaaaaaaaaaaaaaaaazqweq_180423
/usr/share/grafana/public/app/features/explore/TraceView/components/model/aaaaaaaaaaaaaaaaaaaaaaazqweq_180423
/usr/share/grafana/public/app/features/explore/TraceView/components/model/aaaaaaaaaaaaaaaazqweq_180423
/usr/share/grafana/public/app/features/explore/TraceView/components/model/aaaazqweq_180423
/usr/share/grafana/public/app/features/explore/TraceView/components/model/aaaaaaaaaaaazqweq_180423
/usr/share/grafana/public/app/features/explore/TraceView/components/model/azqweq_180423
/usr/share/grafana/public/app/features/explore/TraceView/components/model/aaaaazqweq_180423
/usr/share/grafana/public/app/features/explore/TraceView/components/model/aaaaaaaaaaaaazqweq_180423
/usr/share/grafana/public/app/features/explore/TraceView/components/model/aaaaaaaaaaaaaaaaaaaaaaaaaaaaaaaaazqweq_180423
/usr/share/grafana/public/app/features/explore/TraceView/components/model/aaaaaaaaaaaaaaaaaaaazqweq_180423
/usr/share/grafana/public/app/features/explore/TraceView/components/model/aaaaaaaaaaazqweq_180423
/usr/share/grafana/public/app/features/explore/TraceView/components/model/aaaaaaaaaazqweq_180423
/usr/share/grafana/public/app/features/explore/TraceView/components/model/aaaaaaaaaaaaaaaaaaaaaaaaaaaazqweq_180423
/usr/share/grafana/public/app/features/explore/TraceView/components/model/aaaaaaaaaaaaaaaaaaaaaaaazqweq_180423
/usr/share/grafana/public/app/features/explore/TraceView/components/model/aaaaaaaaaaaaaaaaaaaaaaaaaaaaaaaaaaazqweq_180423
/usr/share/grafana/public/app/features/explore/TraceView/components/model/aaaaaaaaazqweq_180423
/usr/share/grafana/public/app/plugins/datasource/grafana-azure-monitor-datasource/components/LogsQueryEditor/aazqweq_180423
/usr/share/grafana/public/app/plugins/datasource/grafana-azure-monitor-datasource/components/LogsQueryEditor/azqweq_180423
/home/g/.oh-my-zsh/.git/objects/aaaaaaaaaaaaaaaaaaaaaaaaaaaaaaaaaaaaaazqweq_180423
/home/g/.oh-my-zsh/.git/objects/aaaaaaaaaaaaaazqweq_180423
/home/g/.oh-my-zsh/.git/objects/aaaaaaaaaaaaaaaaazqweq_180423
/home/g/.oh-my-zsh/.git/objects/aaaaaazqweq_180423
/home/g/.oh-my-zsh/.git/objects/aaaaaaaaaaaaaaaaaaaaaaaaaaaaaaaaaaaaazqweq_180423
/home/g/.oh-my-zsh/.git/objects/aaaaaaaaaaaaaaaaaaaaaaaaaaaaaaaaaazqweq_180423
/home/g/.oh-my-zsh/.git/objects/aaaaaaaaaaaaaaaaaazqweq_180423
/home/g/.oh-my-zsh/.git/objects/aaaaaaazqweq_180423
/home/g/.oh-my-zsh/.git/objects/aaaaaaaaaaaaaaaaaaaaaaaaaaaaaaaaaaaaaaazqweq_180423
/home/g/.oh-my-zsh/.git/objects/aaaaaaaaaaaaaaaaaaaaaaaaaaaaaaaaaaaazqweq_180423
/home/g/.oh-my-zsh/.git/objects/aaaaaaaaaaaaaaaaaaaaaaaaaaaaaaaaaaaaaaaaaaaazqweq_180423
/home/g/.oh-my-zsh/.git/objects/aaaaaaaaaaaaaaaaaaaaaaaaaaaaaaaaaaaaaaaazqweq_180423
/home/g/.oh-my-zsh/.git/objects/aaaaaaaaaaaaaaaaaaaaazqweq_180423
/home/g/.oh-my-zsh/.git/objects/aazqweq_180423
/home/g/.oh-my-zsh/.git/objects/aaaaaaaaaaaaaaaaaaaaaaaaaaaaaaaaaaaaaaaaaaazqweq_180423
/home/g/.oh-my-zsh/.git/objects/aaaaaaaaaaaaaaaaaaaaaaaaaaaaazqweq_180423
/home/g/.oh-my-zsh/.git/objects/aaaaaaaaaaaaaaaaaaaaaaaaaaazqweq_180423
/home/g/.oh-my-zsh/.git/objects/aaaaaaaazqweq_180423
/home/g/.oh-my-zsh/.git/objects/aaaaaaaaaaaaaaaaaaaaaaaaaaaaaaazqweq_180423
/home/g/.oh-my-zsh/.git/objects/aaaaaaaaaaaaaaaaaaaaaaaaaazqweq_180423
/home/g/.oh-my-zsh/.git/objects/aaaaaaaaaaaaaaaaaaazqweq_180423
/home/g/.oh-my-zsh/.git/objects/aaaaaaaaaaaaaaaaaaaaaaaaaaaaaazqweq_180423
/home/g/.oh-my-zsh/.git/objects/aaaaaaaaaaaaaaaaaaaaaaaaaaaaaaaaaaaaaaaaaaaaaazqweq_180423
/home/g/.oh-my-zsh/.git/objects/aaaaaaaaaaaaaaaaaaaaaaaaaaaaaaaaaaaaaaaaaaaaaaazqweq_180423
/home/g/.oh-my-zsh/.git/objects/aaaaaaaaaaaaaaazqweq_180423
/home/g/.oh-my-zsh/.git/objects/aaazqweq_180423
/home/g/.oh-my-zsh/.git/objects/aaaaaaaaaaaaaaaaaaaaaaaaaaaaaaaazqweq_180423
/home/g/.oh-my-zsh/.git/objects/aaaaaaaaaaaaaaaaaaaaaaaaaaaaaaaaaaaaaaaaaazqweq_180423
/home/g/.oh-my-zsh/.git/objects/aaaaaaaaaaaaaaaaaaaaaazqweq_180423
/home/g/.oh-my-zsh/.git/objects/aaaaaaaaaaaaaaaaaaaaaaaaazqweq_180423
/home/g/.oh-my-zsh/.git/objects/aaaaaaaaaaaaaaaaaaaaaaazqweq_180423
/home/g/.oh-my-zsh/.git/objects/aaaaaaaaaaaaaaaazqweq_180423
/home/g/.oh-my-zsh/.git/objects/aaaazqweq_180423
/home/g/.oh-my-zsh/.git/objects/aaaaaaaaaaaaaaaaaaaaaaaaaaaaaaaaaaaaaaaaaaaaaaaazqweq_180423
/home/g/.oh-my-zsh/.git/objects/aaaaaaaaaaaazqweq_180423
/home/g/.oh-my-zsh/.git/objects/azqweq_180423
/home/g/.oh-my-zsh/.git/objects/aaaaazqweq_180423
/home/g/.oh-my-zsh/.git/objects/aaaaaaaaaaaaazqweq_180423
/home/g/.oh-my-zsh/.git/objects/aaaaaaaaaaaaaaaaaaaaaaaaaaaaaaaaaaaaaaaaazqweq_180423
/home/g/.oh-my-zsh/.git/objects/aaaaaaaaaaaaaaaaaaaaaaaaaaaaaaaaazqweq_180423
/home/g/.oh-my-zsh/.git/objects/aaaaaaaaaaaaaaaaaaaazqweq_180423
/home/g/.oh-my-zsh/.git/objects/aaaaaaaaaaazqweq_180423
/home/g/.oh-my-zsh/.git/objects/aaaaaaaaaazqweq_180423
/home/g/.oh-my-zsh/.git/objects/aaaaaaaaaaaaaaaaaaaaaaaaaaaazqweq_180423
/home/g/.oh-my-zsh/.git/objects/aaaaaaaaaaaaaaaaaaaaaaaazqweq_180423
/home/g/.oh-my-zsh/.git/objects/aaaaaaaaaaaaaaaaaaaaaaaaaaaaaaaaaaaaaaaaaaaaazqweq_180423
/home/g/.oh-my-zsh/.git/objects/aaaaaaaaaaaaaaaaaaaaaaaaaaaaaaaaaaazqweq_180423
/home/g/.oh-my-zsh/.git/objects/aaaaaaaaazqweq_180423
/usr/lib/python3/dist-packages/serial/__pycache__/aaaaaazqweq_180423
/usr/lib/python3/dist-packages/serial/__pycache__/aazqweq_180423
/usr/lib/python3/dist-packages/serial/__pycache__/aaazqweq_180423
/usr/lib/python3/dist-packages/serial/__pycache__/aaaazqweq_180423
/usr/lib/python3/dist-packages/serial/__pycache__/azqweq_180423
/usr/lib/python3/dist-packages/serial/__pycache__/aaaaazqweq_180423
/usr/lib/modules/5.15.0-69-generic/kernel/samples/aaaaaaaaaaaaaaaaaaaaaaaaaaaaaaaaaaaaaazqweq_180423
/usr/lib/modules/5.15.0-69-generic/kernel/samples/aaaaaaaaaaaaaazqweq_180423
/usr/lib/modules/5.15.0-69-generic/kernel/samples/aaaaaaaaaaaaaaaaaaaaaaaaaaaaaaaaaaaaaaaaaaaaaaaaaaaaaaaaazqweq_180423
/usr/lib/modules/5.15.0-69-generic/kernel/samples/aaaaaaaaaaaaaaaaazqweq_180423
/usr/lib/modules/5.15.0-69-generic/kernel/samples/aaaaaazqweq_180423
/usr/lib/modules/5.15.0-69-generic/kernel/samples/aaaaaaaaaaaaaaaaaaaaaaaaaaaaaaaaaaaaazqweq_180423
/usr/lib/modules/5.15.0-69-generic/kernel/samples/aaaaaaaaaaaaaaaaaaaaaaaaaaaaaaaaaaaaaaaaaaaaaaaaaaaaaaaaaaaaaaaaaaaaaaaaaazqweq_180423
/usr/lib/modules/5.15.0-69-generic/kernel/samples/aaaaaaaaaaaaaaaaaaaaaaaaaaaaaaaaaazqweq_180423
/usr/lib/modules/5.15.0-69-generic/kernel/samples/aaaaaaaaaaaaaaaaaaaaaaaaaaaaaaaaaaaaaaaaaaaaaaaaaaaaaaaaaaaaaaaaaaaaaaaaaaaaaaaaaazqweq_180423
/usr/lib/modules/5.15.0-69-generic/kernel/samples/aaaaaaaaaaaaaaaaaazqweq_180423
/usr/lib/modules/5.15.0-69-generic/kernel/samples/aaaaaaaaaaaaaaaaaaaaaaaaaaaaaaaaaaaaaaaaaaaaaaaaaaaaaaaaaaaaaaaaaaaaaaaaaaaaaaaaaaaaaazqweq_180423
/usr/lib/modules/5.15.0-69-generic/kernel/samples/aaaaaaaaaaaaaaaaaaaaaaaaaaaaaaaaaaaaaaaaaaaaaaaaaaaazqweq_180423
/usr/lib/modules/5.15.0-69-generic/kernel/samples/aaaaaaazqweq_180423
/usr/lib/modules/5.15.0-69-generic/kernel/samples/aaaaaaaaaaaaaaaaaaaaaaaaaaaaaaaaaaaaaaaaaaaaaaaaaaaaaaaaaaaaaaaaaazqweq_180423
/usr/lib/modules/5.15.0-69-generic/kernel/samples/aaaaaaaaaaaaaaaaaaaaaaaaaaaaaaaaaaaaaaazqweq_180423
/usr/lib/modules/5.15.0-69-generic/kernel/samples/aaaaaaaaaaaaaaaaaaaaaaaaaaaaaaaaaaaazqweq_180423
/usr/lib/modules/5.15.0-69-generic/kernel/samples/aaaaaaaaaaaaaaaaaaaaaaaaaaaaaaaaaaaaaaaaaaaaaaaaaaaaaaaaaaaaaaaaaaaaaaaaaaaaazqweq_180423
/usr/lib/modules/5.15.0-69-generic/kernel/samples/aaaaaaaaaaaaaaaaaaaaaaaaaaaaaaaaaaaaaaaaaaaazqweq_180423
/usr/lib/modules/5.15.0-69-generic/kernel/samples/aaaaaaaaaaaaaaaaaaaaaaaaaaaaaaaaaaaaaaaazqweq_180423
/usr/lib/modules/5.15.0-69-generic/kernel/samples/aaaaaaaaaaaaaaaaaaaaazqweq_180423
/usr/lib/modules/5.15.0-69-generic/kernel/samples/aazqweq_180423
/usr/lib/modules/5.15.0-69-generic/kernel/samples/aaaaaaaaaaaaaaaaaaaaaaaaaaaaaaaaaaaaaaaaaaazqweq_180423
/usr/lib/modules/5.15.0-69-generic/kernel/samples/aaaaaaaaaaaaaaaaaaaaaaaaaaaaazqweq_180423
/usr/lib/modules/5.15.0-69-generic/kernel/samples/aaaaaaaaaaaaaaaaaaaaaaaaaaazqweq_180423
/usr/lib/modules/5.15.0-69-generic/kernel/samples/aaaaaaaazqweq_180423
/usr/lib/modules/5.15.0-69-generic/kernel/samples/aaaaaaaaaaaaaaaaaaaaaaaaaaaaaaaaaaaaaaaaaaaaaaaaaaaaaaaaaaaaaaaaaaaaaaaaaaaaaaaazqweq_180423
/usr/lib/modules/5.15.0-69-generic/kernel/samples/aaaaaaaaaaaaaaaaaaaaaaaaaaaaaaaaaaaaaaaaaaaaaaaaaaaaaaaaaaaazqweq_180423
/usr/lib/modules/5.15.0-69-generic/kernel/samples/aaaaaaaaaaaaaaaaaaaaaaaaaaaaaaaaaaaaaaaaaaaaaaaaaaaaaaaaaaaaaaaaazqweq_180423
/usr/lib/modules/5.15.0-69-generic/kernel/samples/aaaaaaaaaaaaaaaaaaaaaaaaaaaaaaazqweq_180423
/usr/lib/modules/5.15.0-69-generic/kernel/samples/aaaaaaaaaaaaaaaaaaaaaaaaaazqweq_180423
/usr/lib/modules/5.15.0-69-generic/kernel/samples/aaaaaaaaaaaaaaaaaaaaaaaaaaaaaaaaaaaaaaaaaaaaaaaaaaaaaazqweq_180423
/usr/lib/modules/5.15.0-69-generic/kernel/samples/aaaaaaaaaaaaaaaaaaazqweq_180423
/usr/lib/modules/5.15.0-69-generic/kernel/samples/aaaaaaaaaaaaaaaaaaaaaaaaaaaaaaaaaaaaaaaaaaaaaaaaaaaaaaaaaaaaaaaaaaazqweq_180423
/usr/lib/modules/5.15.0-69-generic/kernel/samples/aaaaaaaaaaaaaaaaaaaaaaaaaaaaaazqweq_180423
/usr/lib/modules/5.15.0-69-generic/kernel/samples/aaaaaaaaaaaaaaaaaaaaaaaaaaaaaaaaaaaaaaaaaaaaaaaaazqweq_180423
/usr/lib/modules/5.15.0-69-generic/kernel/samples/aaaaaaaaaaaaaaaaaaaaaaaaaaaaaaaaaaaaaaaaaaaaaaaaaaaaaaaaaaaaaaaaaaaaaaaaaaaaaaaaaaaazqweq_180423
/usr/lib/modules/5.15.0-69-generic/kernel/samples/aaaaaaaaaaaaaaaaaaaaaaaaaaaaaaaaaaaaaaaaaaaaaaaaaaaaazqweq_180423
/usr/lib/modules/5.15.0-69-generic/kernel/samples/aaaaaaaaaaaaaaaaaaaaaaaaaaaaaaaaaaaaaaaaaaaaaazqweq_180423
/usr/lib/modules/5.15.0-69-generic/kernel/samples/aaaaaaaaaaaaaaaaaaaaaaaaaaaaaaaaaaaaaaaaaaaaaaaaaaaaaaaaaaaaaaaaaaaaaaazqweq_180423
/usr/lib/modules/5.15.0-69-generic/kernel/samples/aaaaaaaaaaaaaaaaaaaaaaaaaaaaaaaaaaaaaaaaaaaaaaaaaaaaaaaaaaaaaaaaaaaaaaaaaaaaaaaaaaaaazqweq_180423
/usr/lib/modules/5.15.0-69-generic/kernel/samples/aaaaaaaaaaaaaaaaaaaaaaaaaaaaaaaaaaaaaaaaaaaaaaaaaaaaaaaaaaaaaaaaaaaaaaaaaaaaaaaaaaaaaaaaaaazqweq_180423
/usr/lib/modules/5.15.0-69-generic/kernel/samples/aaaaaaaaaaaaaaaaaaaaaaaaaaaaaaaaaaaaaaaaaaaaaaazqweq_180423
/usr/lib/modules/5.15.0-69-generic/kernel/samples/aaaaaaaaaaaaaaaaaaaaaaaaaaaaaaaaaaaaaaaaaaaaaaaaaaaaaaaaaaaaaaaaaaaaaaaaaaaaaazqweq_180423
/usr/lib/modules/5.15.0-69-generic/kernel/samples/aaaaaaaaaaaaaaaaaaaaaaaaaaaaaaaaaaaaaaaaaaaaaaaaaaaaaaaaaaaaazqweq_180423
/usr/lib/modules/5.15.0-69-generic/kernel/samples/aaaaaaaaaaaaaaazqweq_180423
/usr/lib/modules/5.15.0-69-generic/kernel/samples/aaaaaaaaaaaaaaaaaaaaaaaaaaaaaaaaaaaaaaaaaaaaaaaaaaaaaaaazqweq_180423
/usr/lib/modules/5.15.0-69-generic/kernel/samples/aaaaaaaaaaaaaaaaaaaaaaaaaaaaaaaaaaaaaaaaaaaaaaaaaaaaaaaaaaaaaaaaaaaaaaaaaaaaaaaaaaaaaaaaaaaazqweq_180423
/usr/lib/modules/5.15.0-69-generic/kernel/samples/aaaaaaaaaaaaaaaaaaaaaaaaaaaaaaaaaaaaaaaaaaaaaaaaaaaaaaaaaaaaaaaaaaaaaaaaaaaaaaaaazqweq_180423
/usr/lib/modules/5.15.0-69-generic/kernel/samples/aaaaaaaaaaaaaaaaaaaaaaaaaaaaaaaaaaaaaaaaaaaaaaaaaaaaaaaaaaaaaazqweq_180423
/usr/lib/modules/5.15.0-69-generic/kernel/samples/aaazqweq_180423
/usr/lib/modules/5.15.0-69-generic/kernel/samples/aaaaaaaaaaaaaaaaaaaaaaaaaaaaaaaaaaaaaaaaaaaaaaaaaaazqweq_180423
/usr/lib/modules/5.15.0-69-generic/kernel/samples/aaaaaaaaaaaaaaaaaaaaaaaaaaaaaaaaaaaaaaaaaaaaaaaaaaaaaaaaaaaaaaaaaaaaaaaaaaaaaaaaaaaaaaaaaaaaaazqweq_180423
/usr/lib/modules/5.15.0-69-generic/kernel/samples/aaaaaaaaaaaaaaaaaaaaaaaaaaaaaaaaaaaaaaaaaaaaaaaaaazqweq_180423
/usr/lib/modules/5.15.0-69-generic/kernel/samples/aaaaaaaaaaaaaaaaaaaaaaaaaaaaaaaaaaaaaaaaaaaaaaaaaaaaaaaaaaaaaaaaaaaaaaaaaaazqweq_180423
/usr/lib/modules/5.15.0-69-generic/kernel/samples/aaaaaaaaaaaaaaaaaaaaaaaaaaaaaaaazqweq_180423
/usr/lib/modules/5.15.0-69-generic/kernel/samples/aaaaaaaaaaaaaaaaaaaaaaaaaaaaaaaaaaaaaaaaaazqweq_180423
/usr/lib/modules/5.15.0-69-generic/kernel/samples/aaaaaaaaaaaaaaaaaaaaaazqweq_180423
/usr/lib/modules/5.15.0-69-generic/kernel/samples/aaaaaaaaaaaaaaaaaaaaaaaaaaaaaaaaaaaaaaaaaaaaaaaaaaaaaaaaaaaaaaaaaaaaaaaaaaaaaaaaaaaaaaaaaaaaaaazqweq_180423
/usr/lib/modules/5.15.0-69-generic/kernel/samples/aaaaaaaaaaaaaaaaaaaaaaaaazqweq_180423
/usr/lib/modules/5.15.0-69-generic/kernel/samples/aaaaaaaaaaaaaaaaaaaaaaazqweq_180423
/usr/lib/modules/5.15.0-69-generic/kernel/samples/aaaaaaaaaaaaaaaaaaaaaaaaaaaaaaaaaaaaaaaaaaaaaaaaaaaaaaaaaaaaaaaaaaaaaaaaaaaaaaazqweq_180423
/usr/lib/modules/5.15.0-69-generic/kernel/samples/aaaaaaaaaaaaaaaaaaaaaaaaaaaaaaaaaaaaaaaaaaaaaaaaaaaaaaaaaaaaaaaaaaaaaaaaaaaaaaaaaaaaaaaaaazqweq_180423
/usr/lib/modules/5.15.0-69-generic/kernel/samples/aaaaaaaaaaaaaaaazqweq_180423
/usr/lib/modules/5.15.0-69-generic/kernel/samples/aaaazqweq_180423
/usr/lib/modules/5.15.0-69-generic/kernel/samples/aaaaaaaaaaaaaaaaaaaaaaaaaaaaaaaaaaaaaaaaaaaaaaaazqweq_180423
/usr/lib/modules/5.15.0-69-generic/kernel/samples/aaaaaaaaaaaaaaaaaaaaaaaaaaaaaaaaaaaaaaaaaaaaaaaaaaaaaaaaaaaaaaaaaaaaazqweq_180423
/usr/lib/modules/5.15.0-69-generic/kernel/samples/aaaaaaaaaaaaaaaaaaaaaaaaaaaaaaaaaaaaaaaaaaaaaaaaaaaaaaaaaaaaaaaazqweq_180423
/usr/lib/modules/5.15.0-69-generic/kernel/samples/aaaaaaaaaaaaaaaaaaaaaaaaaaaaaaaaaaaaaaaaaaaaaaaaaaaaaaaaaaaaaaaaaaaaaazqweq_180423
/usr/lib/modules/5.15.0-69-generic/kernel/samples/aaaaaaaaaaaaaaaaaaaaaaaaaaaaaaaaaaaaaaaaaaaaaaaaaaaaaaaaaaaaaaaaaaaaaaaaaaaazqweq_180423
/usr/lib/modules/5.15.0-69-generic/kernel/samples/aaaaaaaaaaaazqweq_180423
/usr/lib/modules/5.15.0-69-generic/kernel/samples/aaaaaaaaaaaaaaaaaaaaaaaaaaaaaaaaaaaaaaaaaaaaaaaaaaaaaaaaaaaaaaaaaaaaaaaaaaaaaaaaaaaaaaaaazqweq_180423
/usr/lib/modules/5.15.0-69-generic/kernel/samples/aaaaaaaaaaaaaaaaaaaaaaaaaaaaaaaaaaaaaaaaaaaaaaaaaaaaaaaaaazqweq_180423
/usr/lib/modules/5.15.0-69-generic/kernel/samples/aaaaaaaaaaaaaaaaaaaaaaaaaaaaaaaaaaaaaaaaaaaaaaaaaaaaaaaaaaaaaaaaaaaaaaaaaaaaaaaaaaaaaaazqweq_180423
/usr/lib/modules/5.15.0-69-generic/kernel/samples/aaaaaaaaaaaaaaaaaaaaaaaaaaaaaaaaaaaaaaaaaaaaaaaaaaaaaaaaaaaaaaaaaaaaaaaazqweq_180423
/usr/lib/modules/5.15.0-69-generic/kernel/samples/azqweq_180423
/usr/lib/modules/5.15.0-69-generic/kernel/samples/aaaaaaaaaaaaaaaaaaaaaaaaaaaaaaaaaaaaaaaaaaaaaaaaaaaaaaaaaaaaaaaaaaaaaaaaazqweq_180423
/usr/lib/modules/5.15.0-69-generic/kernel/samples/aaaaaaaaaaaaaaaaaaaaaaaaaaaaaaaaaaaaaaaaaaaaaaaaaaaaaaaaaaazqweq_180423
/usr/lib/modules/5.15.0-69-generic/kernel/samples/aaaaaaaaaaaaaaaaaaaaaaaaaaaaaaaaaaaaaaaaaaaaaaaaaaaaaaaaaaaaaaazqweq_180423
/usr/lib/modules/5.15.0-69-generic/kernel/samples/aaaaaaaaaaaaaaaaaaaaaaaaaaaaaaaaaaaaaaaaaaaaaaaaaaaaaaaaaaaaaaaaaaaaaaaaaaaaaaaaaaaaaaaaaaaaazqweq_180423
/usr/lib/modules/5.15.0-69-generic/kernel/samples/aaaaazqweq_180423
/usr/lib/modules/5.15.0-69-generic/kernel/samples/aaaaaaaaaaaaazqweq_180423
/usr/lib/modules/5.15.0-69-generic/kernel/samples/aaaaaaaaaaaaaaaaaaaaaaaaaaaaaaaaaaaaaaaaazqweq_180423
/usr/lib/modules/5.15.0-69-generic/kernel/samples/aaaaaaaaaaaaaaaaaaaaaaaaaaaaaaaaaaaaaaaaaaaaaaaaaaaaaaazqweq_180423
/usr/lib/modules/5.15.0-69-generic/kernel/samples/aaaaaaaaaaaaaaaaaaaaaaaaaaaaaaaaazqweq_180423
/usr/lib/modules/5.15.0-69-generic/kernel/samples/aaaaaaaaaaaaaaaaaaaazqweq_180423
/usr/lib/modules/5.15.0-69-generic/kernel/samples/aaaaaaaaaaazqweq_180423
/usr/lib/modules/5.15.0-69-generic/kernel/samples/aaaaaaaaaazqweq_180423
/usr/lib/modules/5.15.0-69-generic/kernel/samples/aaaaaaaaaaaaaaaaaaaaaaaaaaaazqweq_180423
/usr/lib/modules/5.15.0-69-generic/kernel/samples/aaaaaaaaaaaaaaaaaaaaaaaaaaaaaaaaaaaaaaaaaaaaaaaaaaaaaaaaaaaaaaaaaaaaaaaaaaaaaaaaaaazqweq_180423
/usr/lib/modules/5.15.0-69-generic/kernel/samples/aaaaaaaaaaaaaaaaaaaaaaaazqweq_180423
/usr/lib/modules/5.15.0-69-generic/kernel/samples/aaaaaaaaaaaaaaaaaaaaaaaaaaaaaaaaaaaaaaaaaaaaazqweq_180423
/usr/lib/modules/5.15.0-69-generic/kernel/samples/aaaaaaaaaaaaaaaaaaaaaaaaaaaaaaaaaaaaaaaaaaaaaaaaaaaaaaaaaaaaaaaaaaaaaaaaaaaaaaaaaaaaaaaaaaaaaaaazqweq_180423
/usr/lib/modules/5.15.0-69-generic/kernel/samples/aaaaaaaaaaaaaaaaaaaaaaaaaaaaaaaaaaazqweq_180423
/usr/lib/modules/5.15.0-69-generic/kernel/samples/aaaaaaaaaaaaaaaaaaaaaaaaaaaaaaaaaaaaaaaaaaaaaaaaaaaaaaaaaaaaaaaaaaaazqweq_180423
/usr/lib/modules/5.15.0-69-generic/kernel/samples/aaaaaaaaazqweq_180423
/usr/lib/modules/5.15.0-69-generic/kernel/samples/aaaaaaaaaaaaaaaaaaaaaaaaaaaaaaaaaaaaaaaaaaaaaaaaaaaaaaaaaaaaaaaaaaaaaaaaaaaaaaaaaaaaaaaazqweq_180423
/usr/lib/modules/5.15.0-69-generic/kernel/drivers/vme/aaaaaaaaaaaaaaaaaaaaaaaaaaaaaaaaaaaaaazqweq_180423
/usr/lib/modules/5.15.0-69-generic/kernel/drivers/vme/aaaaaaaaaaaaaazqweq_180423
/usr/lib/modules/5.15.0-69-generic/kernel/drivers/vme/aaaaaaaaaaaaaaaaazqweq_180423
/usr/lib/modules/5.15.0-69-generic/kernel/drivers/vme/aaaaaazqweq_180423
/usr/lib/modules/5.15.0-69-generic/kernel/drivers/vme/aaaaaaaaaaaaaaaaaaaaaaaaaaaaaaaaaaaaazqweq_180423
/usr/lib/modules/5.15.0-69-generic/kernel/drivers/vme/aaaaaaaaaaaaaaaaaaaaaaaaaaaaaaaaaazqweq_180423
/usr/lib/modules/5.15.0-69-generic/kernel/drivers/vme/aaaaaaaaaaaaaaaaaazqweq_180423
/usr/lib/modules/5.15.0-69-generic/kernel/drivers/vme/aaaaaaazqweq_180423
/usr/lib/modules/5.15.0-69-generic/kernel/drivers/vme/aaaaaaaaaaaaaaaaaaaaaaaaaaaaaaaaaaaaaaazqweq_180423
/usr/lib/modules/5.15.0-69-generic/kernel/drivers/vme/aaaaaaaaaaaaaaaaaaaaaaaaaaaaaaaaaaaazqweq_180423
/usr/lib/modules/5.15.0-69-generic/kernel/drivers/vme/aaaaaaaaaaaaaaaaaaaaaaaaaaaaaaaaaaaaaaaaaaaazqweq_180423
/usr/lib/modules/5.15.0-69-generic/kernel/drivers/vme/aaaaaaaaaaaaaaaaaaaaaaaaaaaaaaaaaaaaaaaazqweq_180423
/usr/lib/modules/5.15.0-69-generic/kernel/drivers/vme/aaaaaaaaaaaaaaaaaaaaazqweq_180423
/usr/lib/modules/5.15.0-69-generic/kernel/drivers/vme/aazqweq_180423
/usr/lib/modules/5.15.0-69-generic/kernel/drivers/vme/aaaaaaaaaaaaaaaaaaaaaaaaaaaaaaaaaaaaaaaaaaazqweq_180423
/usr/lib/modules/5.15.0-69-generic/kernel/drivers/vme/aaaaaaaaaaaaaaaaaaaaaaaaaaaaazqweq_180423
/usr/lib/modules/5.15.0-69-generic/kernel/drivers/vme/aaaaaaaaaaaaaaaaaaaaaaaaaaazqweq_180423
/usr/lib/modules/5.15.0-69-generic/kernel/drivers/vme/aaaaaaaazqweq_180423
/usr/lib/modules/5.15.0-69-generic/kernel/drivers/vme/aaaaaaaaaaaaaaaaaaaaaaaaaaaaaaazqweq_180423
/usr/lib/modules/5.15.0-69-generic/kernel/drivers/vme/aaaaaaaaaaaaaaaaaaaaaaaaaazqweq_180423
/usr/lib/modules/5.15.0-69-generic/kernel/drivers/vme/aaaaaaaaaaaaaaaaaaazqweq_180423
/usr/lib/modules/5.15.0-69-generic/kernel/drivers/vme/aaaaaaaaaaaaaaaaaaaaaaaaaaaaaazqweq_180423
/usr/lib/modules/5.15.0-69-generic/kernel/drivers/vme/aaaaaaaaaaaaaaazqweq_180423
/usr/lib/modules/5.15.0-69-generic/kernel/drivers/vme/aaazqweq_180423
/usr/lib/modules/5.15.0-69-generic/kernel/drivers/vme/aaaaaaaaaaaaaaaaaaaaaaaaaaaaaaaazqweq_180423
/usr/lib/modules/5.15.0-69-generic/kernel/drivers/vme/aaaaaaaaaaaaaaaaaaaaaaaaaaaaaaaaaaaaaaaaaazqweq_180423
/usr/lib/modules/5.15.0-69-generic/kernel/drivers/vme/aaaaaaaaaaaaaaaaaaaaaazqweq_180423
/usr/lib/modules/5.15.0-69-generic/kernel/drivers/vme/aaaaaaaaaaaaaaaaaaaaaaaaazqweq_180423
/usr/lib/modules/5.15.0-69-generic/kernel/drivers/vme/aaaaaaaaaaaaaaaaaaaaaaazqweq_180423
/usr/lib/modules/5.15.0-69-generic/kernel/drivers/vme/aaaaaaaaaaaaaaaazqweq_180423
/usr/lib/modules/5.15.0-69-generic/kernel/drivers/vme/aaaazqweq_180423
/usr/lib/modules/5.15.0-69-generic/kernel/drivers/vme/aaaaaaaaaaaazqweq_180423
/usr/lib/modules/5.15.0-69-generic/kernel/drivers/vme/azqweq_180423
/usr/lib/modules/5.15.0-69-generic/kernel/drivers/vme/aaaaazqweq_180423
/usr/lib/modules/5.15.0-69-generic/kernel/drivers/vme/aaaaaaaaaaaaazqweq_180423
/usr/lib/modules/5.15.0-69-generic/kernel/drivers/vme/aaaaaaaaaaaaaaaaaaaaaaaaaaaaaaaaaaaaaaaaazqweq_180423
/usr/lib/modules/5.15.0-69-generic/kernel/drivers/vme/aaaaaaaaaaaaaaaaaaaaaaaaaaaaaaaaazqweq_180423
/usr/lib/modules/5.15.0-69-generic/kernel/drivers/vme/aaaaaaaaaaaaaaaaaaaazqweq_180423
/usr/lib/modules/5.15.0-69-generic/kernel/drivers/vme/aaaaaaaaaaazqweq_180423
/usr/lib/modules/5.15.0-69-generic/kernel/drivers/vme/aaaaaaaaaazqweq_180423
/usr/lib/modules/5.15.0-69-generic/kernel/drivers/vme/aaaaaaaaaaaaaaaaaaaaaaaaaaaazqweq_180423
/usr/lib/modules/5.15.0-69-generic/kernel/drivers/vme/aaaaaaaaaaaaaaaaaaaaaaaazqweq_180423
/usr/lib/modules/5.15.0-69-generic/kernel/drivers/vme/aaaaaaaaaaaaaaaaaaaaaaaaaaaaaaaaaaaaaaaaaaaaazqweq_180423
/usr/lib/modules/5.15.0-69-generic/kernel/drivers/vme/aaaaaaaaaaaaaaaaaaaaaaaaaaaaaaaaaaazqweq_180423
/usr/lib/modules/5.15.0-69-generic/kernel/drivers/vme/aaaaaaaaazqweq_180423
/usr/share/doc/man-db/examples/aaaaaaaaaaaaaaaaaaaaaaaaaaaaaaaaaaaaaazqweq_180423
/usr/share/doc/man-db/examples/aaaaaaaaaaaaaazqweq_180423
/usr/share/doc/man-db/examples/aaaaaaaaaaaaaaaaazqweq_180423
/usr/share/doc/man-db/examples/aaaaaazqweq_180423
/usr/share/doc/man-db/examples/aaaaaaaaaaaaaaaaaaaaaaaaaaaaaaaaaaaaazqweq_180423
/usr/share/doc/man-db/examples/aaaaaaaaaaaaaaaaaaaaaaaaaaaaaaaaaazqweq_180423
/usr/share/doc/man-db/examples/aaaaaaaaaaaaaaaaaazqweq_180423
/usr/share/doc/man-db/examples/aaaaaaazqweq_180423
/usr/share/doc/man-db/examples/aaaaaaaaaaaaaaaaaaaaaaaaaaaaaaaaaaaaaaazqweq_180423
/usr/share/doc/man-db/examples/aaaaaaaaaaaaaaaaaaaaaaaaaaaaaaaaaaaazqweq_180423
/usr/share/doc/man-db/examples/aaaaaaaaaaaaaaaaaaaaaaaaaaaaaaaaaaaaaaaaaaaazqweq_180423
/usr/share/doc/man-db/examples/aaaaaaaaaaaaaaaaaaaaaaaaaaaaaaaaaaaaaaaazqweq_180423
/usr/share/doc/man-db/examples/aaaaaaaaaaaaaaaaaaaaazqweq_180423
/usr/share/doc/man-db/examples/aazqweq_180423
/usr/share/doc/man-db/examples/aaaaaaaaaaaaaaaaaaaaaaaaaaaaaaaaaaaaaaaaaaazqweq_180423
/usr/share/doc/man-db/examples/aaaaaaaaaaaaaaaaaaaaaaaaaaaaazqweq_180423
/usr/share/doc/man-db/examples/aaaaaaaaaaaaaaaaaaaaaaaaaaazqweq_180423
/usr/share/doc/man-db/examples/aaaaaaaazqweq_180423
/usr/share/doc/man-db/examples/aaaaaaaaaaaaaaaaaaaaaaaaaaaaaaazqweq_180423
/usr/share/doc/man-db/examples/aaaaaaaaaaaaaaaaaaaaaaaaaazqweq_180423
/usr/share/doc/man-db/examples/aaaaaaaaaaaaaaaaaaazqweq_180423
/usr/share/doc/man-db/examples/aaaaaaaaaaaaaaaaaaaaaaaaaaaaaazqweq_180423
/usr/share/doc/man-db/examples/aaaaaaaaaaaaaaazqweq_180423
/usr/share/doc/man-db/examples/aaazqweq_180423
/usr/share/doc/man-db/examples/aaaaaaaaaaaaaaaaaaaaaaaaaaaaaaaazqweq_180423
/usr/share/doc/man-db/examples/aaaaaaaaaaaaaaaaaaaaaaaaaaaaaaaaaaaaaaaaaazqweq_180423
/usr/share/doc/man-db/examples/aaaaaaaaaaaaaaaaaaaaaazqweq_180423
/usr/share/doc/man-db/examples/aaaaaaaaaaaaaaaaaaaaaaaaazqweq_180423
/usr/share/doc/man-db/examples/aaaaaaaaaaaaaaaaaaaaaaazqweq_180423
/usr/share/doc/man-db/examples/aaaaaaaaaaaaaaaazqweq_180423
/usr/share/doc/man-db/examples/aaaazqweq_180423
/usr/share/doc/man-db/examples/aaaaaaaaaaaazqweq_180423
/usr/share/doc/man-db/examples/azqweq_180423
/usr/share/doc/man-db/examples/aaaaazqweq_180423
/usr/share/doc/man-db/examples/aaaaaaaaaaaaazqweq_180423
/usr/share/doc/man-db/examples/aaaaaaaaaaaaaaaaaaaaaaaaaaaaaaaaaaaaaaaaazqweq_180423
/usr/share/doc/man-db/examples/aaaaaaaaaaaaaaaaaaaaaaaaaaaaaaaaazqweq_180423
/usr/share/doc/man-db/examples/aaaaaaaaaaaaaaaaaaaazqweq_180423
/usr/share/doc/man-db/examples/aaaaaaaaaaazqweq_180423
/usr/share/doc/man-db/examples/aaaaaaaaaazqweq_180423
/usr/share/doc/man-db/examples/aaaaaaaaaaaaaaaaaaaaaaaaaaaazqweq_180423
/usr/share/doc/man-db/examples/aaaaaaaaaaaaaaaaaaaaaaaazqweq_180423
/usr/share/doc/man-db/examples/aaaaaaaaaaaaaaaaaaaaaaaaaaaaaaaaaaaaaaaaaaaaazqweq_180423
/usr/share/doc/man-db/examples/aaaaaaaaaaaaaaaaaaaaaaaaaaaaaaaaaaazqweq_180423
/usr/share/doc/man-db/examples/aaaaaaaaazqweq_180423
/usr/src/linux-headers-5.15.0-69/arch/arm/probes/kprobes/aaaaaazqweq_180423
/usr/src/linux-headers-5.15.0-69/arch/arm/probes/kprobes/aaaaaaazqweq_180423
/usr/src/linux-headers-5.15.0-69/arch/arm/probes/kprobes/aazqweq_180423
/usr/src/linux-headers-5.15.0-69/arch/arm/probes/kprobes/aaaaaaaazqweq_180423
/usr/src/linux-headers-5.15.0-69/arch/arm/probes/kprobes/aaazqweq_180423
/usr/src/linux-headers-5.15.0-69/arch/arm/probes/kprobes/aaaazqweq_180423
/usr/src/linux-headers-5.15.0-69/arch/arm/probes/kprobes/azqweq_180423
/usr/src/linux-headers-5.15.0-69/arch/arm/probes/kprobes/aaaaazqweq_180423
/usr/src/linux-headers-5.15.0-69/arch/arm/probes/kprobes/aaaaaaaaazqweq_180423
/usr/src/linux-headers-5.15.0-69/drivers/net/wireless/ath/ath11k/aaaaaaaaaaaaaazqweq_180423
/usr/src/linux-headers-5.15.0-69/drivers/net/wireless/ath/ath11k/aaaaaazqweq_180423
/usr/src/linux-headers-5.15.0-69/drivers/net/wireless/ath/ath11k/aaaaaaazqweq_180423
/usr/src/linux-headers-5.15.0-69/drivers/net/wireless/ath/ath11k/aazqweq_180423
/usr/src/linux-headers-5.15.0-69/drivers/net/wireless/ath/ath11k/aaaaaaaazqweq_180423
/usr/src/linux-headers-5.15.0-69/drivers/net/wireless/ath/ath11k/aaaaaaaaaaaaaaazqweq_180423
/usr/src/linux-headers-5.15.0-69/drivers/net/wireless/ath/ath11k/aaazqweq_180423
/usr/src/linux-headers-5.15.0-69/drivers/net/wireless/ath/ath11k/aaaaaaaaaaaaaaaazqweq_180423
/usr/src/linux-headers-5.15.0-69/drivers/net/wireless/ath/ath11k/aaaazqweq_180423
/usr/src/linux-headers-5.15.0-69/drivers/net/wireless/ath/ath11k/aaaaaaaaaaaazqweq_180423
/usr/src/linux-headers-5.15.0-69/drivers/net/wireless/ath/ath11k/azqweq_180423
/usr/src/linux-headers-5.15.0-69/drivers/net/wireless/ath/ath11k/aaaaazqweq_180423
/usr/src/linux-headers-5.15.0-69/drivers/net/wireless/ath/ath11k/aaaaaaaaaaaaazqweq_180423
/usr/src/linux-headers-5.15.0-69/drivers/net/wireless/ath/ath11k/aaaaaaaaaaazqweq_180423
/usr/src/linux-headers-5.15.0-69/drivers/net/wireless/ath/ath11k/aaaaaaaaaazqweq_180423
/usr/src/linux-headers-5.15.0-69/drivers/net/wireless/ath/ath11k/aaaaaaaaazqweq_180423
/home/g/DO3_LinuxMonitoring_v1.0-0/materials/aaaaaazqweq_180423
/home/g/DO3_LinuxMonitoring_v1.0-0/materials/aaaaaaazqweq_180423
/home/g/DO3_LinuxMonitoring_v1.0-0/materials/aazqweq_180423
/home/g/DO3_LinuxMonitoring_v1.0-0/materials/aaaaaaaazqweq_180423
/home/g/DO3_LinuxMonitoring_v1.0-0/materials/aaazqweq_180423
/home/g/DO3_LinuxMonitoring_v1.0-0/materials/aaaazqweq_180423
/home/g/DO3_LinuxMonitoring_v1.0-0/materials/aaaaaaaaaaaazqweq_180423
/home/g/DO3_LinuxMonitoring_v1.0-0/materials/azqweq_180423
/home/g/DO3_LinuxMonitoring_v1.0-0/materials/aaaaazqweq_180423
/home/g/DO3_LinuxMonitoring_v1.0-0/materials/aaaaaaaaaaaaazqweq_180423
/home/g/DO3_LinuxMonitoring_v1.0-0/materials/aaaaaaaaaaazqweq_180423
/home/g/DO3_LinuxMonitoring_v1.0-0/materials/aaaaaaaaaazqweq_180423
/home/g/DO3_LinuxMonitoring_v1.0-0/materials/aaaaaaaaazqweq_180423
/usr/lib/modules/5.15.0-69-generic/kernel/drivers/dma/ptdma/aaaaaaaaaaaaaaaaaaaaaaaaaaaaaaaaaaaaaazqweq_180423
/usr/lib/modules/5.15.0-69-generic/kernel/drivers/dma/ptdma/aaaaaaaaaaaaaazqweq_180423
/usr/lib/modules/5.15.0-69-generic/kernel/drivers/dma/ptdma/aaaaaaaaaaaaaaaaazqweq_180423
/usr/lib/modules/5.15.0-69-generic/kernel/drivers/dma/ptdma/aaaaaazqweq_180423
/usr/lib/modules/5.15.0-69-generic/kernel/drivers/dma/ptdma/aaaaaaaaaaaaaaaaaaaaaaaaaaaaaaaaaaaaazqweq_180423
/usr/lib/modules/5.15.0-69-generic/kernel/drivers/dma/ptdma/aaaaaaaaaaaaaaaaaaaaaaaaaaaaaaaaaazqweq_180423
/usr/lib/modules/5.15.0-69-generic/kernel/drivers/dma/ptdma/aaaaaaaaaaaaaaaaaazqweq_180423
/usr/lib/modules/5.15.0-69-generic/kernel/drivers/dma/ptdma/aaaaaaazqweq_180423
/usr/lib/modules/5.15.0-69-generic/kernel/drivers/dma/ptdma/aaaaaaaaaaaaaaaaaaaaaaaaaaaaaaaaaaaazqweq_180423
/usr/lib/modules/5.15.0-69-generic/kernel/drivers/dma/ptdma/aaaaaaaaaaaaaaaaaaaaazqweq_180423
/usr/lib/modules/5.15.0-69-generic/kernel/drivers/dma/ptdma/aazqweq_180423
/usr/lib/modules/5.15.0-69-generic/kernel/drivers/dma/ptdma/aaaaaaaaaaaaaaaaaaaaaaaaaaaaazqweq_180423
/usr/lib/modules/5.15.0-69-generic/kernel/drivers/dma/ptdma/aaaaaaaaaaaaaaaaaaaaaaaaaaazqweq_180423
/usr/lib/modules/5.15.0-69-generic/kernel/drivers/dma/ptdma/aaaaaaaazqweq_180423
/usr/lib/modules/5.15.0-69-generic/kernel/drivers/dma/ptdma/aaaaaaaaaaaaaaaaaaaaaaaaaaaaaaazqweq_180423
/usr/lib/modules/5.15.0-69-generic/kernel/drivers/dma/ptdma/aaaaaaaaaaaaaaaaaaaaaaaaaazqweq_180423
/usr/lib/modules/5.15.0-69-generic/kernel/drivers/dma/ptdma/aaaaaaaaaaaaaaaaaaazqweq_180423
/usr/lib/modules/5.15.0-69-generic/kernel/drivers/dma/ptdma/aaaaaaaaaaaaaaaaaaaaaaaaaaaaaazqweq_180423
/usr/lib/modules/5.15.0-69-generic/kernel/drivers/dma/ptdma/aaaaaaaaaaaaaaazqweq_180423
/usr/lib/modules/5.15.0-69-generic/kernel/drivers/dma/ptdma/aaazqweq_180423
/usr/lib/modules/5.15.0-69-generic/kernel/drivers/dma/ptdma/aaaaaaaaaaaaaaaaaaaaaaaaaaaaaaaazqweq_180423
/usr/lib/modules/5.15.0-69-generic/kernel/drivers/dma/ptdma/aaaaaaaaaaaaaaaaaaaaaazqweq_180423
/usr/lib/modules/5.15.0-69-generic/kernel/drivers/dma/ptdma/aaaaaaaaaaaaaaaaaaaaaaaaazqweq_180423
/usr/lib/modules/5.15.0-69-generic/kernel/drivers/dma/ptdma/aaaaaaaaaaaaaaaaaaaaaaazqweq_180423
/usr/lib/modules/5.15.0-69-generic/kernel/drivers/dma/ptdma/aaaaaaaaaaaaaaaazqweq_180423
/usr/lib/modules/5.15.0-69-generic/kernel/drivers/dma/ptdma/aaaazqweq_180423
/usr/lib/modules/5.15.0-69-generic/kernel/drivers/dma/ptdma/aaaaaaaaaaaazqweq_180423
/usr/lib/modules/5.15.0-69-generic/kernel/drivers/dma/ptdma/azqweq_180423
/usr/lib/modules/5.15.0-69-generic/kernel/drivers/dma/ptdma/aaaaazqweq_180423
/usr/lib/modules/5.15.0-69-generic/kernel/drivers/dma/ptdma/aaaaaaaaaaaaazqweq_180423
/usr/lib/modules/5.15.0-69-generic/kernel/drivers/dma/ptdma/aaaaaaaaaaaaaaaaaaaaaaaaaaaaaaaaazqweq_180423
/usr/lib/modules/5.15.0-69-generic/kernel/drivers/dma/ptdma/aaaaaaaaaaaaaaaaaaaazqweq_180423
/usr/lib/modules/5.15.0-69-generic/kernel/drivers/dma/ptdma/aaaaaaaaaaazqweq_180423
/usr/lib/modules/5.15.0-69-generic/kernel/drivers/dma/ptdma/aaaaaaaaaazqweq_180423
/usr/lib/modules/5.15.0-69-generic/kernel/drivers/dma/ptdma/aaaaaaaaaaaaaaaaaaaaaaaaaaaazqweq_180423
/usr/lib/modules/5.15.0-69-generic/kernel/drivers/dma/ptdma/aaaaaaaaaaaaaaaaaaaaaaaazqweq_180423
/usr/lib/modules/5.15.0-69-generic/kernel/drivers/dma/ptdma/aaaaaaaaaaaaaaaaaaaaaaaaaaaaaaaaaaazqweq_180423
/usr/lib/modules/5.15.0-69-generic/kernel/drivers/dma/ptdma/aaaaaaaaazqweq_180423
/usr/lib/python3.10/html/__pycache__/aaaaaaaaaaaaaaaaaaaaaaaaaaaaaaaaaaaaaazqweq_180423
/usr/lib/python3.10/html/__pycache__/aaaaaaaaaaaaaazqweq_180423
/usr/lib/python3.10/html/__pycache__/aaaaaaaaaaaaaaaaaaaaaaaaaaaaaaaaaaaaaaaaaaaaaaaaaaaaaaaaazqweq_180423
/usr/lib/python3.10/html/__pycache__/aaaaaaaaaaaaaaaaazqweq_180423
/usr/lib/python3.10/html/__pycache__/aaaaaazqweq_180423
/usr/lib/python3.10/html/__pycache__/aaaaaaaaaaaaaaaaaaaaaaaaaaaaaaaaaaaaazqweq_180423
/usr/lib/python3.10/html/__pycache__/aaaaaaaaaaaaaaaaaaaaaaaaaaaaaaaaaaaaaaaaaaaaaaaaaaaaaaaaaaaaaaaaaaaaaaaaaazqweq_180423
/usr/lib/python3.10/html/__pycache__/aaaaaaaaaaaaaaaaaaaaaaaaaaaaaaaaaazqweq_180423
/usr/lib/python3.10/html/__pycache__/aaaaaaaaaaaaaaaaaazqweq_180423
/usr/lib/python3.10/html/__pycache__/aaaaaaaaaaaaaaaaaaaaaaaaaaaaaaaaaaaaaaaaaaaaaaaaaaaazqweq_180423
/usr/lib/python3.10/html/__pycache__/aaaaaaazqweq_180423
/usr/lib/python3.10/html/__pycache__/aaaaaaaaaaaaaaaaaaaaaaaaaaaaaaaaaaaaaaaaaaaaaaaaaaaaaaaaaaaaaaaaaazqweq_180423
/usr/lib/python3.10/html/__pycache__/aaaaaaaaaaaaaaaaaaaaaaaaaaaaaaaaaaaaaaazqweq_180423
/usr/lib/python3.10/html/__pycache__/aaaaaaaaaaaaaaaaaaaaaaaaaaaaaaaaaaaazqweq_180423
/usr/lib/python3.10/html/__pycache__/aaaaaaaaaaaaaaaaaaaaaaaaaaaaaaaaaaaaaaaaaaaazqweq_180423
/usr/lib/python3.10/html/__pycache__/aaaaaaaaaaaaaaaaaaaaaaaaaaaaaaaaaaaaaaaazqweq_180423
/usr/lib/python3.10/html/__pycache__/aaaaaaaaaaaaaaaaaaaaazqweq_180423
/usr/lib/python3.10/html/__pycache__/aazqweq_180423
/usr/lib/python3.10/html/__pycache__/aaaaaaaaaaaaaaaaaaaaaaaaaaaaaaaaaaaaaaaaaaazqweq_180423
/usr/lib/python3.10/html/__pycache__/aaaaaaaaaaaaaaaaaaaaaaaaaaaaazqweq_180423
/usr/lib/python3.10/html/__pycache__/aaaaaaaaaaaaaaaaaaaaaaaaaaazqweq_180423
/usr/lib/python3.10/html/__pycache__/aaaaaaaazqweq_180423
/usr/lib/python3.10/html/__pycache__/aaaaaaaaaaaaaaaaaaaaaaaaaaaaaaaaaaaaaaaaaaaaaaaaaaaaaaaaaaaazqweq_180423
/usr/lib/python3.10/html/__pycache__/aaaaaaaaaaaaaaaaaaaaaaaaaaaaaaaaaaaaaaaaaaaaaaaaaaaaaaaaaaaaaaaaazqweq_180423
/usr/lib/python3.10/html/__pycache__/aaaaaaaaaaaaaaaaaaaaaaaaaaaaaaazqweq_180423
/usr/lib/python3.10/html/__pycache__/aaaaaaaaaaaaaaaaaaaaaaaaaazqweq_180423
/usr/lib/python3.10/html/__pycache__/aaaaaaaaaaaaaaaaaaaaaaaaaaaaaaaaaaaaaaaaaaaaaaaaaaaaaazqweq_180423
/usr/lib/python3.10/html/__pycache__/aaaaaaaaaaaaaaaaaaazqweq_180423
/usr/lib/python3.10/html/__pycache__/aaaaaaaaaaaaaaaaaaaaaaaaaaaaaaaaaaaaaaaaaaaaaaaaaaaaaaaaaaaaaaaaaaazqweq_180423
/usr/lib/python3.10/html/__pycache__/aaaaaaaaaaaaaaaaaaaaaaaaaaaaaazqweq_180423
/usr/lib/python3.10/html/__pycache__/aaaaaaaaaaaaaaaaaaaaaaaaaaaaaaaaaaaaaaaaaaaaaaaaazqweq_180423
/usr/lib/python3.10/html/__pycache__/aaaaaaaaaaaaaaaaaaaaaaaaaaaaaaaaaaaaaaaaaaaaaaaaaaaaazqweq_180423
/usr/lib/python3.10/html/__pycache__/aaaaaaaaaaaaaaaaaaaaaaaaaaaaaaaaaaaaaaaaaaaaaazqweq_180423
/usr/lib/python3.10/html/__pycache__/aaaaaaaaaaaaaaaaaaaaaaaaaaaaaaaaaaaaaaaaaaaaaaaaaaaaaaaaaaaaaaaaaaaaaaazqweq_180423
/usr/lib/python3.10/html/__pycache__/aaaaaaaaaaaaaaaaaaaaaaaaaaaaaaaaaaaaaaaaaaaaaaazqweq_180423
/usr/lib/python3.10/html/__pycache__/aaaaaaaaaaaaaaaaaaaaaaaaaaaaaaaaaaaaaaaaaaaaaaaaaaaaaaaaaaaaazqweq_180423
/usr/lib/python3.10/html/__pycache__/aaaaaaaaaaaaaaazqweq_180423
/usr/lib/python3.10/html/__pycache__/aaaaaaaaaaaaaaaaaaaaaaaaaaaaaaaaaaaaaaaaaaaaaaaaaaaaaaaazqweq_180423
/usr/lib/python3.10/html/__pycache__/aaaaaaaaaaaaaaaaaaaaaaaaaaaaaaaaaaaaaaaaaaaaaaaaaaaaaaaaaaaaaazqweq_180423
/usr/lib/python3.10/html/__pycache__/aaazqweq_180423
/usr/lib/python3.10/html/__pycache__/aaaaaaaaaaaaaaaaaaaaaaaaaaaaaaaaaaaaaaaaaaaaaaaaaaazqweq_180423
/usr/lib/python3.10/html/__pycache__/aaaaaaaaaaaaaaaaaaaaaaaaaaaaaaaaaaaaaaaaaaaaaaaaaazqweq_180423
/usr/lib/python3.10/html/__pycache__/aaaaaaaaaaaaaaaaaaaaaaaaaaaaaaaaaaaaaaaaaaaaaaaaaaaaaaaaaaaaaaaaaaaaaaaaaaazqweq_180423
/usr/lib/python3.10/html/__pycache__/aaaaaaaaaaaaaaaaaaaaaaaaaaaaaaaazqweq_180423
/usr/lib/python3.10/html/__pycache__/aaaaaaaaaaaaaaaaaaaaaaaaaaaaaaaaaaaaaaaaaazqweq_180423
/usr/lib/python3.10/html/__pycache__/aaaaaaaaaaaaaaaaaaaaaazqweq_180423
/usr/lib/python3.10/html/__pycache__/aaaaaaaaaaaaaaaaaaaaaaaaazqweq_180423
/usr/lib/python3.10/html/__pycache__/aaaaaaaaaaaaaaaaaaaaaaazqweq_180423
/usr/lib/python3.10/html/__pycache__/aaaaaaaaaaaaaaaazqweq_180423
/usr/lib/python3.10/html/__pycache__/aaaazqweq_180423
/usr/lib/python3.10/html/__pycache__/aaaaaaaaaaaaaaaaaaaaaaaaaaaaaaaaaaaaaaaaaaaaaaaazqweq_180423
/usr/lib/python3.10/html/__pycache__/aaaaaaaaaaaaaaaaaaaaaaaaaaaaaaaaaaaaaaaaaaaaaaaaaaaaaaaaaaaaaaaaaaaaazqweq_180423
/usr/lib/python3.10/html/__pycache__/aaaaaaaaaaaaaaaaaaaaaaaaaaaaaaaaaaaaaaaaaaaaaaaaaaaaaaaaaaaaaaaazqweq_180423
/usr/lib/python3.10/html/__pycache__/aaaaaaaaaaaaaaaaaaaaaaaaaaaaaaaaaaaaaaaaaaaaaaaaaaaaaaaaaaaaaaaaaaaaaazqweq_180423
/usr/lib/python3.10/html/__pycache__/aaaaaaaaaaaazqweq_180423
/usr/lib/python3.10/html/__pycache__/aaaaaaaaaaaaaaaaaaaaaaaaaaaaaaaaaaaaaaaaaaaaaaaaaaaaaaaaaazqweq_180423
/usr/lib/python3.10/html/__pycache__/aaaaaaaaaaaaaaaaaaaaaaaaaaaaaaaaaaaaaaaaaaaaaaaaaaaaaaaaaaaaaaaaaaaaaaaazqweq_180423
/usr/lib/python3.10/html/__pycache__/azqweq_180423
/usr/lib/python3.10/html/__pycache__/aaaaaaaaaaaaaaaaaaaaaaaaaaaaaaaaaaaaaaaaaaaaaaaaaaaaaaaaaaaaaaaaaaaaaaaaazqweq_180423
/usr/lib/python3.10/html/__pycache__/aaaaaaaaaaaaaaaaaaaaaaaaaaaaaaaaaaaaaaaaaaaaaaaaaaaaaaaaaaazqweq_180423
/usr/lib/python3.10/html/__pycache__/aaaaaaaaaaaaaaaaaaaaaaaaaaaaaaaaaaaaaaaaaaaaaaaaaaaaaaaaaaaaaaazqweq_180423
/usr/lib/python3.10/html/__pycache__/aaaaazqweq_180423
/usr/lib/python3.10/html/__pycache__/aaaaaaaaaaaaazqweq_180423
/usr/lib/python3.10/html/__pycache__/aaaaaaaaaaaaaaaaaaaaaaaaaaaaaaaaaaaaaaaaazqweq_180423
/usr/lib/python3.10/html/__pycache__/aaaaaaaaaaaaaaaaaaaaaaaaaaaaaaaaaaaaaaaaaaaaaaaaaaaaaaazqweq_180423
/usr/lib/python3.10/html/__pycache__/aaaaaaaaaaaaaaaaaaaaaaaaaaaaaaaaazqweq_180423
/usr/lib/python3.10/html/__pycache__/aaaaaaaaaaaaaaaaaaaazqweq_180423
/usr/lib/python3.10/html/__pycache__/aaaaaaaaaaazqweq_180423
/usr/lib/python3.10/html/__pycache__/aaaaaaaaaazqweq_180423
/usr/lib/python3.10/html/__pycache__/aaaaaaaaaaaaaaaaaaaaaaaaaaaazqweq_180423
/usr/lib/python3.10/html/__pycache__/aaaaaaaaaaaaaaaaaaaaaaaazqweq_180423
/usr/lib/python3.10/html/__pycache__/aaaaaaaaaaaaaaaaaaaaaaaaaaaaaaaaaaaaaaaaaaaaazqweq_180423
/usr/lib/python3.10/html/__pycache__/aaaaaaaaaaaaaaaaaaaaaaaaaaaaaaaaaaazqweq_180423
/usr/lib/python3.10/html/__pycache__/aaaaaaaaaaaaaaaaaaaaaaaaaaaaaaaaaaaaaaaaaaaaaaaaaaaaaaaaaaaaaaaaaaaazqweq_180423
/usr/lib/python3.10/html/__pycache__/aaaaaaaaazqweq_180423
/usr/src/linux-headers-5.15.0-69/include/linux/firmware/imx/aaaaaaaaaaaaaaaaaaaaaaaaaaaaaaaaaaaaaazqweq_180423
/usr/src/linux-headers-5.15.0-69/include/linux/firmware/imx/aaaaaaaaaaaaaazqweq_180423
/usr/src/linux-headers-5.15.0-69/include/linux/firmware/imx/aaaaaaaaaaaaaaaaaaaaaaaaaaaaaaaaaaaaaaaaaaaaaaaaaaaaaaaaazqweq_180423
/usr/src/linux-headers-5.15.0-69/include/linux/firmware/imx/aaaaaaaaaaaaaaaaazqweq_180423
/usr/src/linux-headers-5.15.0-69/include/linux/firmware/imx/aaaaaazqweq_180423
/usr/src/linux-headers-5.15.0-69/include/linux/firmware/imx/aaaaaaaaaaaaaaaaaaaaaaaaaaaaaaaaaaaaazqweq_180423
/usr/src/linux-headers-5.15.0-69/include/linux/firmware/imx/aaaaaaaaaaaaaaaaaaaaaaaaaaaaaaaaaazqweq_180423
/usr/src/linux-headers-5.15.0-69/include/linux/firmware/imx/aaaaaaaaaaaaaaaaaazqweq_180423
/usr/src/linux-headers-5.15.0-69/include/linux/firmware/imx/aaaaaaaaaaaaaaaaaaaaaaaaaaaaaaaaaaaaaaaaaaaaaaaaaaaazqweq_180423
/usr/src/linux-headers-5.15.0-69/include/linux/firmware/imx/aaaaaaazqweq_180423
/usr/src/linux-headers-5.15.0-69/include/linux/firmware/imx/aaaaaaaaaaaaaaaaaaaaaaaaaaaaaaaaaaaaaaaaaaaaaaaaaaaaaaaaaaaaaaaaaazqweq_180423
/usr/src/linux-headers-5.15.0-69/include/linux/firmware/imx/aaaaaaaaaaaaaaaaaaaaaaaaaaaaaaaaaaaaaaazqweq_180423
/usr/src/linux-headers-5.15.0-69/include/linux/firmware/imx/aaaaaaaaaaaaaaaaaaaaaaaaaaaaaaaaaaaazqweq_180423
/usr/src/linux-headers-5.15.0-69/include/linux/firmware/imx/aaaaaaaaaaaaaaaaaaaaaaaaaaaaaaaaaaaaaaaaaaaazqweq_180423
/usr/src/linux-headers-5.15.0-69/include/linux/firmware/imx/aaaaaaaaaaaaaaaaaaaaaaaaaaaaaaaaaaaaaaaazqweq_180423
/usr/src/linux-headers-5.15.0-69/include/linux/firmware/imx/aaaaaaaaaaaaaaaaaaaaazqweq_180423
/usr/src/linux-headers-5.15.0-69/include/linux/firmware/imx/aazqweq_180423
/usr/src/linux-headers-5.15.0-69/include/linux/firmware/imx/aaaaaaaaaaaaaaaaaaaaaaaaaaaaaaaaaaaaaaaaaaazqweq_180423
/usr/src/linux-headers-5.15.0-69/include/linux/firmware/imx/aaaaaaaaaaaaaaaaaaaaaaaaaaaaazqweq_180423
/usr/src/linux-headers-5.15.0-69/include/linux/firmware/imx/aaaaaaaaaaaaaaaaaaaaaaaaaaazqweq_180423
/usr/src/linux-headers-5.15.0-69/include/linux/firmware/imx/aaaaaaaazqweq_180423
/usr/src/linux-headers-5.15.0-69/include/linux/firmware/imx/aaaaaaaaaaaaaaaaaaaaaaaaaaaaaaaaaaaaaaaaaaaaaaaaaaaaaaaaaaaazqweq_180423
/usr/src/linux-headers-5.15.0-69/include/linux/firmware/imx/aaaaaaaaaaaaaaaaaaaaaaaaaaaaaaaaaaaaaaaaaaaaaaaaaaaaaaaaaaaaaaaaazqweq_180423
/usr/src/linux-headers-5.15.0-69/include/linux/firmware/imx/aaaaaaaaaaaaaaaaaaaaaaaaaaaaaaazqweq_180423
/usr/src/linux-headers-5.15.0-69/include/linux/firmware/imx/aaaaaaaaaaaaaaaaaaaaaaaaaazqweq_180423
/usr/src/linux-headers-5.15.0-69/include/linux/firmware/imx/aaaaaaaaaaaaaaaaaaaaaaaaaaaaaaaaaaaaaaaaaaaaaaaaaaaaaazqweq_180423
/usr/src/linux-headers-5.15.0-69/include/linux/firmware/imx/aaaaaaaaaaaaaaaaaaazqweq_180423
/usr/src/linux-headers-5.15.0-69/include/linux/firmware/imx/aaaaaaaaaaaaaaaaaaaaaaaaaaaaaazqweq_180423
/usr/src/linux-headers-5.15.0-69/include/linux/firmware/imx/aaaaaaaaaaaaaaaaaaaaaaaaaaaaaaaaaaaaaaaaaaaaaaaaazqweq_180423
/usr/src/linux-headers-5.15.0-69/include/linux/firmware/imx/aaaaaaaaaaaaaaaaaaaaaaaaaaaaaaaaaaaaaaaaaaaaaaaaaaaaazqweq_180423
/usr/src/linux-headers-5.15.0-69/include/linux/firmware/imx/aaaaaaaaaaaaaaaaaaaaaaaaaaaaaaaaaaaaaaaaaaaaaazqweq_180423
/usr/src/linux-headers-5.15.0-69/include/linux/firmware/imx/aaaaaaaaaaaaaaaaaaaaaaaaaaaaaaaaaaaaaaaaaaaaaaazqweq_180423
/usr/src/linux-headers-5.15.0-69/include/linux/firmware/imx/aaaaaaaaaaaaaaaaaaaaaaaaaaaaaaaaaaaaaaaaaaaaaaaaaaaaaaaaaaaaazqweq_180423
/usr/src/linux-headers-5.15.0-69/include/linux/firmware/imx/aaaaaaaaaaaaaaazqweq_180423
/usr/src/linux-headers-5.15.0-69/include/linux/firmware/imx/aaaaaaaaaaaaaaaaaaaaaaaaaaaaaaaaaaaaaaaaaaaaaaaaaaaaaaaazqweq_180423
/usr/src/linux-headers-5.15.0-69/include/linux/firmware/imx/aaaaaaaaaaaaaaaaaaaaaaaaaaaaaaaaaaaaaaaaaaaaaaaaaaaaaaaaaaaaaazqweq_180423
/usr/src/linux-headers-5.15.0-69/include/linux/firmware/imx/aaazqweq_180423
/usr/src/linux-headers-5.15.0-69/include/linux/firmware/imx/aaaaaaaaaaaaaaaaaaaaaaaaaaaaaaaaaaaaaaaaaaaaaaaaaaazqweq_180423
/usr/src/linux-headers-5.15.0-69/include/linux/firmware/imx/aaaaaaaaaaaaaaaaaaaaaaaaaaaaaaaaaaaaaaaaaaaaaaaaaazqweq_180423
/usr/src/linux-headers-5.15.0-69/include/linux/firmware/imx/aaaaaaaaaaaaaaaaaaaaaaaaaaaaaaaazqweq_180423
/usr/src/linux-headers-5.15.0-69/include/linux/firmware/imx/aaaaaaaaaaaaaaaaaaaaaaaaaaaaaaaaaaaaaaaaaazqweq_180423
/usr/src/linux-headers-5.15.0-69/include/linux/firmware/imx/aaaaaaaaaaaaaaaaaaaaaazqweq_180423
/usr/src/linux-headers-5.15.0-69/include/linux/firmware/imx/aaaaaaaaaaaaaaaaaaaaaaaaazqweq_180423
/usr/src/linux-headers-5.15.0-69/include/linux/firmware/imx/aaaaaaaaaaaaaaaaaaaaaaazqweq_180423
/usr/src/linux-headers-5.15.0-69/include/linux/firmware/imx/aaaaaaaaaaaaaaaazqweq_180423
/usr/src/linux-headers-5.15.0-69/include/linux/firmware/imx/aaaazqweq_180423
/usr/src/linux-headers-5.15.0-69/include/linux/firmware/imx/aaaaaaaaaaaaaaaaaaaaaaaaaaaaaaaaaaaaaaaaaaaaaaaazqweq_180423
/usr/src/linux-headers-5.15.0-69/include/linux/firmware/imx/aaaaaaaaaaaaaaaaaaaaaaaaaaaaaaaaaaaaaaaaaaaaaaaaaaaaaaaaaaaaaaaazqweq_180423
/usr/src/linux-headers-5.15.0-69/include/linux/firmware/imx/aaaaaaaaaaaazqweq_180423
/usr/src/linux-headers-5.15.0-69/include/linux/firmware/imx/aaaaaaaaaaaaaaaaaaaaaaaaaaaaaaaaaaaaaaaaaaaaaaaaaaaaaaaaaazqweq_180423
/usr/src/linux-headers-5.15.0-69/include/linux/firmware/imx/azqweq_180423
/usr/src/linux-headers-5.15.0-69/include/linux/firmware/imx/aaaaaaaaaaaaaaaaaaaaaaaaaaaaaaaaaaaaaaaaaaaaaaaaaaaaaaaaaaazqweq_180423
/usr/src/linux-headers-5.15.0-69/include/linux/firmware/imx/aaaaaaaaaaaaaaaaaaaaaaaaaaaaaaaaaaaaaaaaaaaaaaaaaaaaaaaaaaaaaaazqweq_180423
/usr/src/linux-headers-5.15.0-69/include/linux/firmware/imx/aaaaazqweq_180423
/usr/src/linux-headers-5.15.0-69/include/linux/firmware/imx/aaaaaaaaaaaaazqweq_180423
/usr/src/linux-headers-5.15.0-69/include/linux/firmware/imx/aaaaaaaaaaaaaaaaaaaaaaaaaaaaaaaaaaaaaaaaazqweq_180423
/usr/src/linux-headers-5.15.0-69/include/linux/firmware/imx/aaaaaaaaaaaaaaaaaaaaaaaaaaaaaaaaaaaaaaaaaaaaaaaaaaaaaaazqweq_180423
/usr/src/linux-headers-5.15.0-69/include/linux/firmware/imx/aaaaaaaaaaaaaaaaaaaaaaaaaaaaaaaaazqweq_180423
/usr/src/linux-headers-5.15.0-69/include/linux/firmware/imx/aaaaaaaaaaaaaaaaaaaazqweq_180423
/usr/src/linux-headers-5.15.0-69/include/linux/firmware/imx/aaaaaaaaaaazqweq_180423
/usr/src/linux-headers-5.15.0-69/include/linux/firmware/imx/aaaaaaaaaazqweq_180423
/usr/src/linux-headers-5.15.0-69/include/linux/firmware/imx/aaaaaaaaaaaaaaaaaaaaaaaaaaaazqweq_180423
/usr/src/linux-headers-5.15.0-69/include/linux/firmware/imx/aaaaaaaaaaaaaaaaaaaaaaaazqweq_180423
/usr/src/linux-headers-5.15.0-69/include/linux/firmware/imx/aaaaaaaaaaaaaaaaaaaaaaaaaaaaaaaaaaaaaaaaaaaaazqweq_180423
/usr/src/linux-headers-5.15.0-69/include/linux/firmware/imx/aaaaaaaaaaaaaaaaaaaaaaaaaaaaaaaaaaazqweq_180423
/usr/src/linux-headers-5.15.0-69/include/linux/firmware/imx/aaaaaaaaazqweq_180423
/usr/src/linux-headers-5.15.0-69/arch/mips/loongson2ef/aaaaaaaaaaaaaaaaaaaaaaaaaaaaaaaaaaaaaazqweq_180423
/usr/src/linux-headers-5.15.0-69/arch/mips/loongson2ef/aaaaaaaaaaaaaazqweq_180423
/usr/src/linux-headers-5.15.0-69/arch/mips/loongson2ef/aaaaaaaaaaaaaaaaaaaaaaaaaaaaaaaaaaaaaaaaaaaaaaaaaaaaaaaaazqweq_180423
/usr/src/linux-headers-5.15.0-69/arch/mips/loongson2ef/aaaaaaaaaaaaaaaaazqweq_180423
/usr/src/linux-headers-5.15.0-69/arch/mips/loongson2ef/aaaaaazqweq_180423
/usr/src/linux-headers-5.15.0-69/arch/mips/loongson2ef/aaaaaaaaaaaaaaaaaaaaaaaaaaaaaaaaaaaaazqweq_180423
/usr/src/linux-headers-5.15.0-69/arch/mips/loongson2ef/aaaaaaaaaaaaaaaaaaaaaaaaaaaaaaaaaaaaaaaaaaaaaaaaaaaaaaaaaaaaaaaaaaaaaaaaaazqweq_180423
/usr/src/linux-headers-5.15.0-69/arch/mips/loongson2ef/aaaaaaaaaaaaaaaaaaaaaaaaaaaaaaaaaazqweq_180423
/usr/src/linux-headers-5.15.0-69/arch/mips/loongson2ef/aaaaaaaaaaaaaaaaaaaaaaaaaaaaaaaaaaaaaaaaaaaaaaaaaaaaaaaaaaaaaaaaaaaaaaaaaaaaaaaaaazqweq_180423
/usr/src/linux-headers-5.15.0-69/arch/mips/loongson2ef/aaaaaaaaaaaaaaaaaazqweq_180423
/usr/src/linux-headers-5.15.0-69/arch/mips/loongson2ef/aaaaaaaaaaaaaaaaaaaaaaaaaaaaaaaaaaaaaaaaaaaaaaaaaaaazqweq_180423
/usr/src/linux-headers-5.15.0-69/arch/mips/loongson2ef/aaaaaaazqweq_180423
/usr/src/linux-headers-5.15.0-69/arch/mips/loongson2ef/aaaaaaaaaaaaaaaaaaaaaaaaaaaaaaaaaaaaaaaaaaaaaaaaaaaaaaaaaaaaaaaaaazqweq_180423
/usr/src/linux-headers-5.15.0-69/arch/mips/loongson2ef/aaaaaaaaaaaaaaaaaaaaaaaaaaaaaaaaaaaaaaazqweq_180423
/usr/src/linux-headers-5.15.0-69/arch/mips/loongson2ef/aaaaaaaaaaaaaaaaaaaaaaaaaaaaaaaaaaaazqweq_180423
/usr/src/linux-headers-5.15.0-69/arch/mips/loongson2ef/aaaaaaaaaaaaaaaaaaaaaaaaaaaaaaaaaaaaaaaaaaaaaaaaaaaaaaaaaaaaaaaaaaaaaaaaaaaaazqweq_180423
/usr/src/linux-headers-5.15.0-69/arch/mips/loongson2ef/aaaaaaaaaaaaaaaaaaaaaaaaaaaaaaaaaaaaaaaaaaaazqweq_180423
/usr/src/linux-headers-5.15.0-69/arch/mips/loongson2ef/aaaaaaaaaaaaaaaaaaaaaaaaaaaaaaaaaaaaaaaazqweq_180423
/usr/src/linux-headers-5.15.0-69/arch/mips/loongson2ef/aaaaaaaaaaaaaaaaaaaaazqweq_180423
/usr/src/linux-headers-5.15.0-69/arch/mips/loongson2ef/aazqweq_180423
/usr/src/linux-headers-5.15.0-69/arch/mips/loongson2ef/aaaaaaaaaaaaaaaaaaaaaaaaaaaaaaaaaaaaaaaaaaazqweq_180423
/usr/src/linux-headers-5.15.0-69/arch/mips/loongson2ef/aaaaaaaaaaaaaaaaaaaaaaaaaaaaazqweq_180423
/usr/src/linux-headers-5.15.0-69/arch/mips/loongson2ef/aaaaaaaaaaaaaaaaaaaaaaaaaaazqweq_180423
/usr/src/linux-headers-5.15.0-69/arch/mips/loongson2ef/aaaaaaaazqweq_180423
/usr/src/linux-headers-5.15.0-69/arch/mips/loongson2ef/aaaaaaaaaaaaaaaaaaaaaaaaaaaaaaaaaaaaaaaaaaaaaaaaaaaaaaaaaaaaaaaaaaaaaaaaaaaaaaaazqweq_180423
/usr/src/linux-headers-5.15.0-69/arch/mips/loongson2ef/aaaaaaaaaaaaaaaaaaaaaaaaaaaaaaaaaaaaaaaaaaaaaaaaaaaaaaaaaaaazqweq_180423
/usr/src/linux-headers-5.15.0-69/arch/mips/loongson2ef/aaaaaaaaaaaaaaaaaaaaaaaaaaaaaaaaaaaaaaaaaaaaaaaaaaaaaaaaaaaaaaaaazqweq_180423
/usr/src/linux-headers-5.15.0-69/arch/mips/loongson2ef/aaaaaaaaaaaaaaaaaaaaaaaaaaaaaaazqweq_180423
/usr/src/linux-headers-5.15.0-69/arch/mips/loongson2ef/aaaaaaaaaaaaaaaaaaaaaaaaaazqweq_180423
/usr/src/linux-headers-5.15.0-69/arch/mips/loongson2ef/aaaaaaaaaaaaaaaaaaaaaaaaaaaaaaaaaaaaaaaaaaaaaaaaaaaaaazqweq_180423
/usr/src/linux-headers-5.15.0-69/arch/mips/loongson2ef/aaaaaaaaaaaaaaaaaaazqweq_180423
/usr/src/linux-headers-5.15.0-69/arch/mips/loongson2ef/aaaaaaaaaaaaaaaaaaaaaaaaaaaaaaaaaaaaaaaaaaaaaaaaaaaaaaaaaaaaaaaaaaazqweq_180423
/usr/src/linux-headers-5.15.0-69/arch/mips/loongson2ef/aaaaaaaaaaaaaaaaaaaaaaaaaaaaaazqweq_180423
/usr/src/linux-headers-5.15.0-69/arch/mips/loongson2ef/aaaaaaaaaaaaaaaaaaaaaaaaaaaaaaaaaaaaaaaaaaaaaaaaazqweq_180423
/usr/src/linux-headers-5.15.0-69/arch/mips/loongson2ef/aaaaaaaaaaaaaaaaaaaaaaaaaaaaaaaaaaaaaaaaaaaaaaaaaaaaaaaaaaaaaaaaaaaaaaaaaaaaaaaaaaaazqweq_180423
/usr/src/linux-headers-5.15.0-69/arch/mips/loongson2ef/aaaaaaaaaaaaaaaaaaaaaaaaaaaaaaaaaaaaaaaaaaaaaaaaaaaaazqweq_180423
/usr/src/linux-headers-5.15.0-69/arch/mips/loongson2ef/aaaaaaaaaaaaaaaaaaaaaaaaaaaaaaaaaaaaaaaaaaaaaazqweq_180423
/usr/src/linux-headers-5.15.0-69/arch/mips/loongson2ef/aaaaaaaaaaaaaaaaaaaaaaaaaaaaaaaaaaaaaaaaaaaaaaaaaaaaaaaaaaaaaaaaaaaaaaazqweq_180423
/usr/src/linux-headers-5.15.0-69/arch/mips/loongson2ef/aaaaaaaaaaaaaaaaaaaaaaaaaaaaaaaaaaaaaaaaaaaaaaaaaaaaaaaaaaaaaaaaaaaaaaaaaaaaaaaaaaaaazqweq_180423
/usr/src/linux-headers-5.15.0-69/arch/mips/loongson2ef/aaaaaaaaaaaaaaaaaaaaaaaaaaaaaaaaaaaaaaaaaaaaaaazqweq_180423
/usr/src/linux-headers-5.15.0-69/arch/mips/loongson2ef/aaaaaaaaaaaaaaaaaaaaaaaaaaaaaaaaaaaaaaaaaaaaaaaaaaaaaaaaaaaaaaaaaaaaaaaaaaaaaazqweq_180423
/usr/src/linux-headers-5.15.0-69/arch/mips/loongson2ef/aaaaaaaaaaaaaaaaaaaaaaaaaaaaaaaaaaaaaaaaaaaaaaaaaaaaaaaaaaaaazqweq_180423
/usr/src/linux-headers-5.15.0-69/arch/mips/loongson2ef/aaaaaaaaaaaaaaazqweq_180423
/usr/src/linux-headers-5.15.0-69/arch/mips/loongson2ef/aaaaaaaaaaaaaaaaaaaaaaaaaaaaaaaaaaaaaaaaaaaaaaaaaaaaaaaazqweq_180423
/usr/src/linux-headers-5.15.0-69/arch/mips/loongson2ef/aaaaaaaaaaaaaaaaaaaaaaaaaaaaaaaaaaaaaaaaaaaaaaaaaaaaaaaaaaaaaaaaaaaaaaaaaaaaaaaaazqweq_180423
/usr/src/linux-headers-5.15.0-69/arch/mips/loongson2ef/aaaaaaaaaaaaaaaaaaaaaaaaaaaaaaaaaaaaaaaaaaaaaaaaaaaaaaaaaaaaaazqweq_180423
/usr/src/linux-headers-5.15.0-69/arch/mips/loongson2ef/aaazqweq_180423
/usr/src/linux-headers-5.15.0-69/arch/mips/loongson2ef/aaaaaaaaaaaaaaaaaaaaaaaaaaaaaaaaaaaaaaaaaaaaaaaaaaazqweq_180423
/usr/src/linux-headers-5.15.0-69/arch/mips/loongson2ef/aaaaaaaaaaaaaaaaaaaaaaaaaaaaaaaaaaaaaaaaaaaaaaaaaazqweq_180423
/usr/src/linux-headers-5.15.0-69/arch/mips/loongson2ef/aaaaaaaaaaaaaaaaaaaaaaaaaaaaaaaaaaaaaaaaaaaaaaaaaaaaaaaaaaaaaaaaaaaaaaaaaaazqweq_180423
/usr/src/linux-headers-5.15.0-69/arch/mips/loongson2ef/aaaaaaaaaaaaaaaaaaaaaaaaaaaaaaaazqweq_180423
/usr/src/linux-headers-5.15.0-69/arch/mips/loongson2ef/aaaaaaaaaaaaaaaaaaaaaaaaaaaaaaaaaaaaaaaaaazqweq_180423
/usr/src/linux-headers-5.15.0-69/arch/mips/loongson2ef/aaaaaaaaaaaaaaaaaaaaaazqweq_180423
/usr/src/linux-headers-5.15.0-69/arch/mips/loongson2ef/aaaaaaaaaaaaaaaaaaaaaaaaazqweq_180423
/usr/src/linux-headers-5.15.0-69/arch/mips/loongson2ef/aaaaaaaaaaaaaaaaaaaaaaazqweq_180423
/usr/src/linux-headers-5.15.0-69/arch/mips/loongson2ef/aaaaaaaaaaaaaaaaaaaaaaaaaaaaaaaaaaaaaaaaaaaaaaaaaaaaaaaaaaaaaaaaaaaaaaaaaaaaaaazqweq_180423
/usr/src/linux-headers-5.15.0-69/arch/mips/loongson2ef/aaaaaaaaaaaaaaaazqweq_180423
/usr/src/linux-headers-5.15.0-69/arch/mips/loongson2ef/aaaazqweq_180423
/usr/src/linux-headers-5.15.0-69/arch/mips/loongson2ef/aaaaaaaaaaaaaaaaaaaaaaaaaaaaaaaaaaaaaaaaaaaaaaaazqweq_180423
/usr/src/linux-headers-5.15.0-69/arch/mips/loongson2ef/aaaaaaaaaaaaaaaaaaaaaaaaaaaaaaaaaaaaaaaaaaaaaaaaaaaaaaaaaaaaaaaaaaaaazqweq_180423
/usr/src/linux-headers-5.15.0-69/arch/mips/loongson2ef/aaaaaaaaaaaaaaaaaaaaaaaaaaaaaaaaaaaaaaaaaaaaaaaaaaaaaaaaaaaaaaaazqweq_180423
/usr/src/linux-headers-5.15.0-69/arch/mips/loongson2ef/aaaaaaaaaaaaaaaaaaaaaaaaaaaaaaaaaaaaaaaaaaaaaaaaaaaaaaaaaaaaaaaaaaaaaazqweq_180423
/usr/src/linux-headers-5.15.0-69/arch/mips/loongson2ef/aaaaaaaaaaaaaaaaaaaaaaaaaaaaaaaaaaaaaaaaaaaaaaaaaaaaaaaaaaaaaaaaaaaaaaaaaaaazqweq_180423
/usr/src/linux-headers-5.15.0-69/arch/mips/loongson2ef/aaaaaaaaaaaazqweq_180423
/usr/src/linux-headers-5.15.0-69/arch/mips/loongson2ef/aaaaaaaaaaaaaaaaaaaaaaaaaaaaaaaaaaaaaaaaaaaaaaaaaaaaaaaaaazqweq_180423
/usr/src/linux-headers-5.15.0-69/arch/mips/loongson2ef/aaaaaaaaaaaaaaaaaaaaaaaaaaaaaaaaaaaaaaaaaaaaaaaaaaaaaaaaaaaaaaaaaaaaaaaazqweq_180423
/usr/src/linux-headers-5.15.0-69/arch/mips/loongson2ef/azqweq_180423
/usr/src/linux-headers-5.15.0-69/arch/mips/loongson2ef/aaaaaaaaaaaaaaaaaaaaaaaaaaaaaaaaaaaaaaaaaaaaaaaaaaaaaaaaaaaaaaaaaaaaaaaaazqweq_180423
/usr/src/linux-headers-5.15.0-69/arch/mips/loongson2ef/aaaaaaaaaaaaaaaaaaaaaaaaaaaaaaaaaaaaaaaaaaaaaaaaaaaaaaaaaaazqweq_180423
/usr/src/linux-headers-5.15.0-69/arch/mips/loongson2ef/aaaaaaaaaaaaaaaaaaaaaaaaaaaaaaaaaaaaaaaaaaaaaaaaaaaaaaaaaaaaaaazqweq_180423
/usr/src/linux-headers-5.15.0-69/arch/mips/loongson2ef/aaaaazqweq_180423
/usr/src/linux-headers-5.15.0-69/arch/mips/loongson2ef/aaaaaaaaaaaaazqweq_180423
/usr/src/linux-headers-5.15.0-69/arch/mips/loongson2ef/aaaaaaaaaaaaaaaaaaaaaaaaaaaaaaaaaaaaaaaaazqweq_180423
/usr/src/linux-headers-5.15.0-69/arch/mips/loongson2ef/aaaaaaaaaaaaaaaaaaaaaaaaaaaaaaaaaaaaaaaaaaaaaaaaaaaaaaazqweq_180423
/usr/src/linux-headers-5.15.0-69/arch/mips/loongson2ef/aaaaaaaaaaaaaaaaaaaaaaaaaaaaaaaaazqweq_180423
/usr/src/linux-headers-5.15.0-69/arch/mips/loongson2ef/aaaaaaaaaaaaaaaaaaaazqweq_180423
/usr/src/linux-headers-5.15.0-69/arch/mips/loongson2ef/aaaaaaaaaaazqweq_180423
/usr/src/linux-headers-5.15.0-69/arch/mips/loongson2ef/aaaaaaaaaazqweq_180423
/usr/src/linux-headers-5.15.0-69/arch/mips/loongson2ef/aaaaaaaaaaaaaaaaaaaaaaaaaaaazqweq_180423
/usr/src/linux-headers-5.15.0-69/arch/mips/loongson2ef/aaaaaaaaaaaaaaaaaaaaaaaaaaaaaaaaaaaaaaaaaaaaaaaaaaaaaaaaaaaaaaaaaaaaaaaaaaaaaaaaaaazqweq_180423
/usr/src/linux-headers-5.15.0-69/arch/mips/loongson2ef/aaaaaaaaaaaaaaaaaaaaaaaazqweq_180423
/usr/src/linux-headers-5.15.0-69/arch/mips/loongson2ef/aaaaaaaaaaaaaaaaaaaaaaaaaaaaaaaaaaaaaaaaaaaaazqweq_180423
/usr/src/linux-headers-5.15.0-69/arch/mips/loongson2ef/aaaaaaaaaaaaaaaaaaaaaaaaaaaaaaaaaaazqweq_180423
/usr/src/linux-headers-5.15.0-69/arch/mips/loongson2ef/aaaaaaaaaaaaaaaaaaaaaaaaaaaaaaaaaaaaaaaaaaaaaaaaaaaaaaaaaaaaaaaaaaaazqweq_180423
/usr/src/linux-headers-5.15.0-69/arch/mips/loongson2ef/aaaaaaaaazqweq_180423
/usr/src/linux-headers-5.15.0-69/drivers/char/tpm/aaaaaaaaaaaaaaaaaaaaaaaaaaaaaaaaaaaaaazqweq_180423
/usr/src/linux-headers-5.15.0-69/drivers/char/tpm/aaaaaaaaaaaaaazqweq_180423
/usr/src/linux-headers-5.15.0-69/drivers/char/tpm/aaaaaaaaaaaaaaaaazqweq_180423
/usr/src/linux-headers-5.15.0-69/drivers/char/tpm/aaaaaazqweq_180423
/usr/src/linux-headers-5.15.0-69/drivers/char/tpm/aaaaaaaaaaaaaaaaaaaaaaaaaaaaaaaaaaaaazqweq_180423
/usr/src/linux-headers-5.15.0-69/drivers/char/tpm/aaaaaaaaaaaaaaaaaaaaaaaaaaaaaaaaaazqweq_180423
/usr/src/linux-headers-5.15.0-69/drivers/char/tpm/aaaaaaaaaaaaaaaaaazqweq_180423
/usr/src/linux-headers-5.15.0-69/drivers/char/tpm/aaaaaaazqweq_180423
/usr/src/linux-headers-5.15.0-69/drivers/char/tpm/aaaaaaaaaaaaaaaaaaaaaaaaaaaaaaaaaaaaaaazqweq_180423
/usr/src/linux-headers-5.15.0-69/drivers/char/tpm/aaaaaaaaaaaaaaaaaaaaaaaaaaaaaaaaaaaazqweq_180423
/usr/src/linux-headers-5.15.0-69/drivers/char/tpm/aaaaaaaaaaaaaaaaaaaaaaaaaaaaaaaaaaaaaaaazqweq_180423
/usr/src/linux-headers-5.15.0-69/drivers/char/tpm/aaaaaaaaaaaaaaaaaaaaazqweq_180423
/usr/src/linux-headers-5.15.0-69/drivers/char/tpm/aazqweq_180423
/usr/src/linux-headers-5.15.0-69/drivers/char/tpm/aaaaaaaaaaaaaaaaaaaaaaaaaaaaazqweq_180423
/usr/src/linux-headers-5.15.0-69/drivers/char/tpm/aaaaaaaaaaaaaaaaaaaaaaaaaaazqweq_180423
/usr/src/linux-headers-5.15.0-69/drivers/char/tpm/aaaaaaaazqweq_180423
/usr/src/linux-headers-5.15.0-69/drivers/char/tpm/aaaaaaaaaaaaaaaaaaaaaaaaaaaaaaazqweq_180423
/usr/src/linux-headers-5.15.0-69/drivers/char/tpm/aaaaaaaaaaaaaaaaaaaaaaaaaazqweq_180423
/usr/src/linux-headers-5.15.0-69/drivers/char/tpm/aaaaaaaaaaaaaaaaaaazqweq_180423
/usr/src/linux-headers-5.15.0-69/drivers/char/tpm/aaaaaaaaaaaaaaaaaaaaaaaaaaaaaazqweq_180423
/usr/src/linux-headers-5.15.0-69/drivers/char/tpm/aaaaaaaaaaaaaaazqweq_180423
/usr/src/linux-headers-5.15.0-69/drivers/char/tpm/aaazqweq_180423
/usr/src/linux-headers-5.15.0-69/drivers/char/tpm/aaaaaaaaaaaaaaaaaaaaaaaaaaaaaaaazqweq_180423
/usr/src/linux-headers-5.15.0-69/drivers/char/tpm/aaaaaaaaaaaaaaaaaaaaaazqweq_180423
/usr/src/linux-headers-5.15.0-69/drivers/char/tpm/aaaaaaaaaaaaaaaaaaaaaaaaazqweq_180423
/usr/src/linux-headers-5.15.0-69/drivers/char/tpm/aaaaaaaaaaaaaaaaaaaaaaazqweq_180423
/usr/src/linux-headers-5.15.0-69/drivers/char/tpm/aaaaaaaaaaaaaaaazqweq_180423
/usr/src/linux-headers-5.15.0-69/drivers/char/tpm/aaaazqweq_180423
/usr/src/linux-headers-5.15.0-69/drivers/char/tpm/aaaaaaaaaaaazqweq_180423
/usr/src/linux-headers-5.15.0-69/drivers/char/tpm/azqweq_180423
/usr/src/linux-headers-5.15.0-69/drivers/char/tpm/aaaaazqweq_180423
/usr/src/linux-headers-5.15.0-69/drivers/char/tpm/aaaaaaaaaaaaazqweq_180423
/usr/src/linux-headers-5.15.0-69/drivers/char/tpm/aaaaaaaaaaaaaaaaaaaaaaaaaaaaaaaaaaaaaaaaazqweq_180423
/usr/src/linux-headers-5.15.0-69/drivers/char/tpm/aaaaaaaaaaaaaaaaaaaaaaaaaaaaaaaaazqweq_180423
/usr/src/linux-headers-5.15.0-69/drivers/char/tpm/aaaaaaaaaaaaaaaaaaaazqweq_180423
/usr/src/linux-headers-5.15.0-69/drivers/char/tpm/aaaaaaaaaaazqweq_180423
/usr/src/linux-headers-5.15.0-69/drivers/char/tpm/aaaaaaaaaazqweq_180423
/usr/src/linux-headers-5.15.0-69/drivers/char/tpm/aaaaaaaaaaaaaaaaaaaaaaaaaaaazqweq_180423
/usr/src/linux-headers-5.15.0-69/drivers/char/tpm/aaaaaaaaaaaaaaaaaaaaaaaazqweq_180423
/usr/src/linux-headers-5.15.0-69/drivers/char/tpm/aaaaaaaaaaaaaaaaaaaaaaaaaaaaaaaaaaazqweq_180423
/usr/src/linux-headers-5.15.0-69/drivers/char/tpm/aaaaaaaaazqweq_180423
/usr/share/perl5/Debian/aaaaaazqweq_180423
/usr/share/perl5/Debian/aaaaaaazqweq_180423
/usr/share/perl5/Debian/aazqweq_180423
/usr/share/perl5/Debian/aaaaaaaazqweq_180423
/usr/share/perl5/Debian/aaazqweq_180423
/usr/share/perl5/Debian/aaaazqweq_180423
/usr/share/perl5/Debian/azqweq_180423
/usr/share/perl5/Debian/aaaaazqweq_180423
/usr/share/perl5/Debian/aaaaaaaaazqweq_180423
/usr/share/locale/tzm/LC_MESSAGES/aaaaaazqweq_180423
/usr/share/locale/tzm/LC_MESSAGES/aaaaaaazqweq_180423
/usr/share/locale/tzm/LC_MESSAGES/aazqweq_180423
/usr/share/locale/tzm/LC_MESSAGES/aaazqweq_180423
/usr/share/locale/tzm/LC_MESSAGES/aaaazqweq_180423
/usr/share/locale/tzm/LC_MESSAGES/azqweq_180423
/usr/share/locale/tzm/LC_MESSAGES/aaaaazqweq_180423
/usr/src/linux-headers-5.15.0-69/fs/nfs_common/aaaaaaaaaaaaaaaaaaaaaaaaaaaaaaaaaaaaaazqweq_180423
/usr/src/linux-headers-5.15.0-69/fs/nfs_common/aaaaaaaaaaaaaazqweq_180423
/usr/src/linux-headers-5.15.0-69/fs/nfs_common/aaaaaaaaaaaaaaaaazqweq_180423
/usr/src/linux-headers-5.15.0-69/fs/nfs_common/aaaaaazqweq_180423
/usr/src/linux-headers-5.15.0-69/fs/nfs_common/aaaaaaaaaaaaaaaaaaaaaaaaaaaaaaaaaaaaazqweq_180423
/usr/src/linux-headers-5.15.0-69/fs/nfs_common/aaaaaaaaaaaaaaaaaaaaaaaaaaaaaaaaaazqweq_180423
/usr/src/linux-headers-5.15.0-69/fs/nfs_common/aaaaaaaaaaaaaaaaaazqweq_180423
/usr/src/linux-headers-5.15.0-69/fs/nfs_common/aaaaaaazqweq_180423
/usr/src/linux-headers-5.15.0-69/fs/nfs_common/aaaaaaaaaaaaaaaaaaaaaaaaaaaaaaaaaaaaaaazqweq_180423
/usr/src/linux-headers-5.15.0-69/fs/nfs_common/aaaaaaaaaaaaaaaaaaaaaaaaaaaaaaaaaaaazqweq_180423
/usr/src/linux-headers-5.15.0-69/fs/nfs_common/aaaaaaaaaaaaaaaaaaaaaaaaaaaaaaaaaaaaaaaaaaaazqweq_180423
/usr/src/linux-headers-5.15.0-69/fs/nfs_common/aaaaaaaaaaaaaaaaaaaaaaaaaaaaaaaaaaaaaaaazqweq_180423
/usr/src/linux-headers-5.15.0-69/fs/nfs_common/aaaaaaaaaaaaaaaaaaaaazqweq_180423
/usr/src/linux-headers-5.15.0-69/fs/nfs_common/aazqweq_180423
/usr/src/linux-headers-5.15.0-69/fs/nfs_common/aaaaaaaaaaaaaaaaaaaaaaaaaaaaaaaaaaaaaaaaaaazqweq_180423
/usr/src/linux-headers-5.15.0-69/fs/nfs_common/aaaaaaaaaaaaaaaaaaaaaaaaaaaaazqweq_180423
/usr/src/linux-headers-5.15.0-69/fs/nfs_common/aaaaaaaaaaaaaaaaaaaaaaaaaaazqweq_180423
/usr/src/linux-headers-5.15.0-69/fs/nfs_common/aaaaaaaazqweq_180423
/usr/src/linux-headers-5.15.0-69/fs/nfs_common/aaaaaaaaaaaaaaaaaaaaaaaaaaaaaaazqweq_180423
/usr/src/linux-headers-5.15.0-69/fs/nfs_common/aaaaaaaaaaaaaaaaaaaaaaaaaazqweq_180423
/usr/src/linux-headers-5.15.0-69/fs/nfs_common/aaaaaaaaaaaaaaaaaaazqweq_180423
/usr/src/linux-headers-5.15.0-69/fs/nfs_common/aaaaaaaaaaaaaaaaaaaaaaaaaaaaaazqweq_180423
/usr/src/linux-headers-5.15.0-69/fs/nfs_common/aaaaaaaaaaaaaaaaaaaaaaaaaaaaaaaaaaaaaaaaaaaaaaaaazqweq_180423
/usr/src/linux-headers-5.15.0-69/fs/nfs_common/aaaaaaaaaaaaaaaaaaaaaaaaaaaaaaaaaaaaaaaaaaaaaazqweq_180423
/usr/src/linux-headers-5.15.0-69/fs/nfs_common/aaaaaaaaaaaaaaaaaaaaaaaaaaaaaaaaaaaaaaaaaaaaaaazqweq_180423
/usr/src/linux-headers-5.15.0-69/fs/nfs_common/aaaaaaaaaaaaaaazqweq_180423
/usr/src/linux-headers-5.15.0-69/fs/nfs_common/aaazqweq_180423
/usr/src/linux-headers-5.15.0-69/fs/nfs_common/aaaaaaaaaaaaaaaaaaaaaaaaaaaaaaaaaaaaaaaaaaaaaaaaaaazqweq_180423
/usr/src/linux-headers-5.15.0-69/fs/nfs_common/aaaaaaaaaaaaaaaaaaaaaaaaaaaaaaaaaaaaaaaaaaaaaaaaaazqweq_180423
/usr/src/linux-headers-5.15.0-69/fs/nfs_common/aaaaaaaaaaaaaaaaaaaaaaaaaaaaaaaazqweq_180423
/usr/src/linux-headers-5.15.0-69/fs/nfs_common/aaaaaaaaaaaaaaaaaaaaaaaaaaaaaaaaaaaaaaaaaazqweq_180423
/usr/src/linux-headers-5.15.0-69/fs/nfs_common/aaaaaaaaaaaaaaaaaaaaaazqweq_180423
/usr/src/linux-headers-5.15.0-69/fs/nfs_common/aaaaaaaaaaaaaaaaaaaaaaaaazqweq_180423
/usr/src/linux-headers-5.15.0-69/fs/nfs_common/aaaaaaaaaaaaaaaaaaaaaaazqweq_180423
/usr/src/linux-headers-5.15.0-69/fs/nfs_common/aaaaaaaaaaaaaaaazqweq_180423
/usr/src/linux-headers-5.15.0-69/fs/nfs_common/aaaazqweq_180423
/usr/src/linux-headers-5.15.0-69/fs/nfs_common/aaaaaaaaaaaaaaaaaaaaaaaaaaaaaaaaaaaaaaaaaaaaaaaazqweq_180423
/usr/src/linux-headers-5.15.0-69/fs/nfs_common/aaaaaaaaaaaazqweq_180423
/usr/src/linux-headers-5.15.0-69/fs/nfs_common/azqweq_180423
/usr/src/linux-headers-5.15.0-69/fs/nfs_common/aaaaazqweq_180423
/usr/src/linux-headers-5.15.0-69/fs/nfs_common/aaaaaaaaaaaaazqweq_180423
/usr/src/linux-headers-5.15.0-69/fs/nfs_common/aaaaaaaaaaaaaaaaaaaaaaaaaaaaaaaaaaaaaaaaazqweq_180423
/usr/src/linux-headers-5.15.0-69/fs/nfs_common/aaaaaaaaaaaaaaaaaaaaaaaaaaaaaaaaazqweq_180423
/usr/src/linux-headers-5.15.0-69/fs/nfs_common/aaaaaaaaaaaaaaaaaaaazqweq_180423
/usr/src/linux-headers-5.15.0-69/fs/nfs_common/aaaaaaaaaaazqweq_180423
/usr/src/linux-headers-5.15.0-69/fs/nfs_common/aaaaaaaaaazqweq_180423
/usr/src/linux-headers-5.15.0-69/fs/nfs_common/aaaaaaaaaaaaaaaaaaaaaaaaaaaazqweq_180423
/usr/src/linux-headers-5.15.0-69/fs/nfs_common/aaaaaaaaaaaaaaaaaaaaaaaazqweq_180423
/usr/src/linux-headers-5.15.0-69/fs/nfs_common/aaaaaaaaaaaaaaaaaaaaaaaaaaaaaaaaaaaaaaaaaaaaazqweq_180423
/usr/src/linux-headers-5.15.0-69/fs/nfs_common/aaaaaaaaaaaaaaaaaaaaaaaaaaaaaaaaaaazqweq_180423
/usr/src/linux-headers-5.15.0-69/fs/nfs_common/aaaaaaaaazqweq_180423
/usr/src/linux-headers-5.15.0-69/drivers/misc/habanalabs/aaaaaaaaaaaaaazqweq_180423
/usr/src/linux-headers-5.15.0-69/drivers/misc/habanalabs/aaaaaaaaaaaaaaaaazqweq_180423
/usr/src/linux-headers-5.15.0-69/drivers/misc/habanalabs/aaaaaazqweq_180423
/usr/src/linux-headers-5.15.0-69/drivers/misc/habanalabs/aaaaaaaaaaaaaaaaaazqweq_180423
/usr/src/linux-headers-5.15.0-69/drivers/misc/habanalabs/aaaaaaazqweq_180423
/usr/src/linux-headers-5.15.0-69/drivers/misc/habanalabs/aaaaaaaaaaaaaaaaaaaaazqweq_180423
/usr/src/linux-headers-5.15.0-69/drivers/misc/habanalabs/aazqweq_180423
/usr/src/linux-headers-5.15.0-69/drivers/misc/habanalabs/aaaaaaaazqweq_180423
/usr/src/linux-headers-5.15.0-69/drivers/misc/habanalabs/aaaaaaaaaaaaaaaaaaazqweq_180423
/usr/src/linux-headers-5.15.0-69/drivers/misc/habanalabs/aaaaaaaaaaaaaaazqweq_180423
/usr/src/linux-headers-5.15.0-69/drivers/misc/habanalabs/aaazqweq_180423
/usr/src/linux-headers-5.15.0-69/drivers/misc/habanalabs/aaaaaaaaaaaaaaaaaaaaaazqweq_180423
/usr/src/linux-headers-5.15.0-69/drivers/misc/habanalabs/aaaaaaaaaaaaaaaaaaaaaaaaazqweq_180423
/usr/src/linux-headers-5.15.0-69/drivers/misc/habanalabs/aaaaaaaaaaaaaaaaaaaaaaazqweq_180423
/usr/src/linux-headers-5.15.0-69/drivers/misc/habanalabs/aaaaaaaaaaaaaaaazqweq_180423
/usr/src/linux-headers-5.15.0-69/drivers/misc/habanalabs/aaaazqweq_180423
/usr/src/linux-headers-5.15.0-69/drivers/misc/habanalabs/aaaaaaaaaaaazqweq_180423
/usr/src/linux-headers-5.15.0-69/drivers/misc/habanalabs/azqweq_180423
/usr/src/linux-headers-5.15.0-69/drivers/misc/habanalabs/aaaaazqweq_180423
/usr/src/linux-headers-5.15.0-69/drivers/misc/habanalabs/aaaaaaaaaaaaazqweq_180423
/usr/src/linux-headers-5.15.0-69/drivers/misc/habanalabs/aaaaaaaaaaaaaaaaaaaazqweq_180423
/usr/src/linux-headers-5.15.0-69/drivers/misc/habanalabs/aaaaaaaaaaazqweq_180423
/usr/src/linux-headers-5.15.0-69/drivers/misc/habanalabs/aaaaaaaaaazqweq_180423
/usr/src/linux-headers-5.15.0-69/drivers/misc/habanalabs/aaaaaaaaaaaaaaaaaaaaaaaazqweq_180423
/usr/src/linux-headers-5.15.0-69/drivers/misc/habanalabs/aaaaaaaaazqweq_180423
/usr/share/zoneinfo/Antarctica/aaaaaz_180423
/usr/share/zoneinfo/Antarctica/aaaaz_180423
/usr/share/zoneinfo/Antarctica/aaaaaaz_180423
/usr/share/zoneinfo/Antarctica/aaaaaaaz_180423
/home/g/test/aaz_180423
/home/g/test/aaaz_180423
/home/g/test/az_180423
/home/g/test/aaaaz_180423
/usr/share/perl/5.34.0/unicore/lib/Ea/aaaaaz_180423
/usr/share/perl/5.34.0/unicore/lib/Ea/aaaaz_180423
/usr/share/perl/5.34.0/unicore/lib/Ea/aaaaaaz_180423
/usr/src/linux-headers-5.15.0-69/arch/um/include/shared/aaaaaz_180423
/usr/src/linux-headers-5.15.0-69/arch/um/include/shared/aaaaz_180423
